
lesson1.elf:     file format elf32-avr

Sections:
Idx Name          Size      VMA       LMA       File off  Algn
  0 .data         00000008  00800100  00000db0  00000e24  2**0
                  CONTENTS, ALLOC, LOAD, DATA
  1 .text         00000db0  00000000  00000000  00000074  2**1
                  CONTENTS, ALLOC, LOAD, READONLY, CODE
  2 .stab         00002c28  00000000  00000000  00000e2c  2**2
                  CONTENTS, READONLY, DEBUGGING
  3 .stabstr      000044aa  00000000  00000000  00003a54  2**0
                  CONTENTS, READONLY, DEBUGGING

Disassembly of section .text:

00000000 <__vectors>:
   0:	0c 94 34 00 	jmp	0x68	; 0x68 <__ctors_end>
   4:	0c 94 49 00 	jmp	0x92	; 0x92 <__bad_interrupt>
   8:	0c 94 49 00 	jmp	0x92	; 0x92 <__bad_interrupt>
   c:	0c 94 49 00 	jmp	0x92	; 0x92 <__bad_interrupt>
  10:	0c 94 49 00 	jmp	0x92	; 0x92 <__bad_interrupt>
  14:	0c 94 49 00 	jmp	0x92	; 0x92 <__bad_interrupt>
  18:	0c 94 49 00 	jmp	0x92	; 0x92 <__bad_interrupt>
  1c:	0c 94 49 00 	jmp	0x92	; 0x92 <__bad_interrupt>
  20:	0c 94 49 00 	jmp	0x92	; 0x92 <__bad_interrupt>
  24:	0c 94 49 00 	jmp	0x92	; 0x92 <__bad_interrupt>
  28:	0c 94 49 00 	jmp	0x92	; 0x92 <__bad_interrupt>
  2c:	0c 94 49 00 	jmp	0x92	; 0x92 <__bad_interrupt>
  30:	0c 94 49 00 	jmp	0x92	; 0x92 <__bad_interrupt>
  34:	0c 94 49 00 	jmp	0x92	; 0x92 <__bad_interrupt>
  38:	0c 94 49 00 	jmp	0x92	; 0x92 <__bad_interrupt>
  3c:	0c 94 49 00 	jmp	0x92	; 0x92 <__bad_interrupt>
  40:	0c 94 49 00 	jmp	0x92	; 0x92 <__bad_interrupt>
  44:	0c 94 49 00 	jmp	0x92	; 0x92 <__bad_interrupt>
  48:	0c 94 49 00 	jmp	0x92	; 0x92 <__bad_interrupt>
  4c:	0c 94 49 00 	jmp	0x92	; 0x92 <__bad_interrupt>
  50:	0c 94 49 00 	jmp	0x92	; 0x92 <__bad_interrupt>
  54:	0c 94 49 00 	jmp	0x92	; 0x92 <__bad_interrupt>
  58:	0c 94 49 00 	jmp	0x92	; 0x92 <__bad_interrupt>
  5c:	0c 94 49 00 	jmp	0x92	; 0x92 <__bad_interrupt>
  60:	0c 94 49 00 	jmp	0x92	; 0x92 <__bad_interrupt>
  64:	0c 94 49 00 	jmp	0x92	; 0x92 <__bad_interrupt>

00000068 <__ctors_end>:
  68:	11 24       	eor	r1, r1
  6a:	1f be       	out	0x3f, r1	; 63
  6c:	cf ef       	ldi	r28, 0xFF	; 255
  6e:	d8 e0       	ldi	r29, 0x08	; 8
  70:	de bf       	out	0x3e, r29	; 62
  72:	cd bf       	out	0x3d, r28	; 61

00000074 <__do_copy_data>:
  74:	11 e0       	ldi	r17, 0x01	; 1
  76:	a0 e0       	ldi	r26, 0x00	; 0
  78:	b1 e0       	ldi	r27, 0x01	; 1
  7a:	e0 eb       	ldi	r30, 0xB0	; 176
  7c:	fd e0       	ldi	r31, 0x0D	; 13
  7e:	02 c0       	rjmp	.+4      	; 0x84 <.do_copy_data_start>

00000080 <.do_copy_data_loop>:
  80:	05 90       	lpm	r0, Z+
  82:	0d 92       	st	X+, r0

00000084 <.do_copy_data_start>:
  84:	a8 30       	cpi	r26, 0x08	; 8
  86:	b1 07       	cpc	r27, r17
  88:	d9 f7       	brne	.-10     	; 0x80 <.do_copy_data_loop>
  8a:	0e 94 4b 00 	call	0x96	; 0x96 <main>
  8e:	0c 94 d6 06 	jmp	0xdac	; 0xdac <_exit>

00000092 <__bad_interrupt>:
  92:	0c 94 00 00 	jmp	0	; 0x0 <__vectors>

00000096 <main>:
 * 	- LED connected to PORTB
 * 	- F_CPU is defined to be your cpu speed (preprocessor define)
 */

int main (void)
{
  96:	df 93       	push	r29
  98:	cf 93       	push	r28
  9a:	cd b7       	in	r28, 0x3d	; 61
  9c:	de b7       	in	r29, 0x3e	; 62
  9e:	6c 97       	sbiw	r28, 0x1c	; 28
  a0:	0f b6       	in	r0, 0x3f	; 63
  a2:	f8 94       	cli
  a4:	de bf       	out	0x3e, r29	; 62
  a6:	0f be       	out	0x3f, r0	; 63
  a8:	cd bf       	out	0x3d, r28	; 61

000000aa <.LM1>:
	/* set PORTB for output*/
	DDRB = 0xFF;
  aa:	e4 e2       	ldi	r30, 0x24	; 36
  ac:	f0 e0       	ldi	r31, 0x00	; 0
  ae:	8f ef       	ldi	r24, 0xFF	; 255
  b0:	80 83       	st	Z, r24

000000b2 <.L18>:

	while (1) {
		/* set PORTB high */
		PORTB = 0xFF;
  b2:	e5 e2       	ldi	r30, 0x25	; 37
  b4:	f0 e0       	ldi	r31, 0x00	; 0
  b6:	8f ef       	ldi	r24, 0xFF	; 255
  b8:	80 83       	st	Z, r24
  ba:	80 e0       	ldi	r24, 0x00	; 0
  bc:	90 e0       	ldi	r25, 0x00	; 0
  be:	aa ef       	ldi	r26, 0xFA	; 250
  c0:	b3 e4       	ldi	r27, 0x43	; 67
  c2:	89 8f       	std	Y+25, r24	; 0x19
  c4:	9a 8f       	std	Y+26, r25	; 0x1a
  c6:	ab 8f       	std	Y+27, r26	; 0x1b
  c8:	bc 8f       	std	Y+28, r27	; 0x1c

000000ca <.LBB14>:
	#endif

	__builtin_avr_delay_cycles(__ticks_dc);

#else
	__tmp = ((F_CPU) / 4e3) * __ms;
  ca:	69 8d       	ldd	r22, Y+25	; 0x19
  cc:	7a 8d       	ldd	r23, Y+26	; 0x1a
  ce:	8b 8d       	ldd	r24, Y+27	; 0x1b
  d0:	9c 8d       	ldd	r25, Y+28	; 0x1c
  d2:	20 e0       	ldi	r18, 0x00	; 0
  d4:	30 e0       	ldi	r19, 0x00	; 0
  d6:	4a e7       	ldi	r20, 0x7A	; 122
  d8:	53 e4       	ldi	r21, 0x43	; 67
  da:	0e 94 1b 03 	call	0x636	; 0x636 <__mulsf3>
  de:	dc 01       	movw	r26, r24
  e0:	cb 01       	movw	r24, r22
  e2:	8d 8b       	std	Y+21, r24	; 0x15
  e4:	9e 8b       	std	Y+22, r25	; 0x16
  e6:	af 8b       	std	Y+23, r26	; 0x17
  e8:	b8 8f       	std	Y+24, r27	; 0x18

000000ea <.LM4>:
	if (__tmp < 1.0)
  ea:	6d 89       	ldd	r22, Y+21	; 0x15
  ec:	7e 89       	ldd	r23, Y+22	; 0x16
  ee:	8f 89       	ldd	r24, Y+23	; 0x17
  f0:	98 8d       	ldd	r25, Y+24	; 0x18
  f2:	20 e0       	ldi	r18, 0x00	; 0
  f4:	30 e0       	ldi	r19, 0x00	; 0
  f6:	40 e8       	ldi	r20, 0x80	; 128
  f8:	5f e3       	ldi	r21, 0x3F	; 63
  fa:	0e 94 75 04 	call	0x8ea	; 0x8ea <__ltsf2>
  fe:	88 23       	and	r24, r24
 100:	2c f4       	brge	.+10     	; 0x10c <.L24>

00000102 <.L20>:
		__ticks = 1;
 102:	81 e0       	ldi	r24, 0x01	; 1
 104:	90 e0       	ldi	r25, 0x00	; 0
 106:	9c 8b       	std	Y+20, r25	; 0x14
 108:	8b 8b       	std	Y+19, r24	; 0x13
 10a:	3f c0       	rjmp	.+126    	; 0x18a <.L4>

0000010c <.L24>:
	else if (__tmp > 65535)
 10c:	6d 89       	ldd	r22, Y+21	; 0x15
 10e:	7e 89       	ldd	r23, Y+22	; 0x16
 110:	8f 89       	ldd	r24, Y+23	; 0x17
 112:	98 8d       	ldd	r25, Y+24	; 0x18
 114:	20 e0       	ldi	r18, 0x00	; 0
 116:	3f ef       	ldi	r19, 0xFF	; 255
 118:	4f e7       	ldi	r20, 0x7F	; 127
 11a:	57 e4       	ldi	r21, 0x47	; 71
 11c:	0e 94 15 04 	call	0x82a	; 0x82a <__gtsf2>
 120:	18 16       	cp	r1, r24
 122:	4c f5       	brge	.+82     	; 0x176 <.L25>

00000124 <.L21>:
	{
		//	__ticks = requested delay in 1/10 ms
		__ticks = (uint16_t) (__ms * 10.0);
 124:	69 8d       	ldd	r22, Y+25	; 0x19
 126:	7a 8d       	ldd	r23, Y+26	; 0x1a
 128:	8b 8d       	ldd	r24, Y+27	; 0x1b
 12a:	9c 8d       	ldd	r25, Y+28	; 0x1c
 12c:	20 e0       	ldi	r18, 0x00	; 0
 12e:	30 e0       	ldi	r19, 0x00	; 0
 130:	40 e2       	ldi	r20, 0x20	; 32
 132:	51 e4       	ldi	r21, 0x41	; 65
 134:	0e 94 1b 03 	call	0x636	; 0x636 <__mulsf3>
 138:	dc 01       	movw	r26, r24
 13a:	cb 01       	movw	r24, r22
 13c:	bc 01       	movw	r22, r24
 13e:	cd 01       	movw	r24, r26
 140:	0e 94 45 01 	call	0x28a	; 0x28a <__fixunssfsi>
 144:	dc 01       	movw	r26, r24
 146:	cb 01       	movw	r24, r22
 148:	9c 8b       	std	Y+20, r25	; 0x14
 14a:	8b 8b       	std	Y+19, r24	; 0x13
 14c:	0f c0       	rjmp	.+30     	; 0x16c <.L7>

0000014e <.L8>:
 14e:	89 e1       	ldi	r24, 0x19	; 25
 150:	90 e0       	ldi	r25, 0x00	; 0
 152:	9a 8b       	std	Y+18, r25	; 0x12
 154:	89 8b       	std	Y+17, r24	; 0x11

00000156 <.LBB16>:
    milliseconds can be achieved.
 */
void
_delay_loop_2(uint16_t __count)
{
	__asm__ volatile (
 156:	89 89       	ldd	r24, Y+17	; 0x11
 158:	9a 89       	ldd	r25, Y+18	; 0x12
 15a:	01 97       	sbiw	r24, 0x01	; 1
 15c:	f1 f7       	brne	.-4      	; 0x15a <.LBB16+0x4>
 15e:	9a 8b       	std	Y+18, r25	; 0x12
 160:	89 8b       	std	Y+17, r24	; 0x11

00000162 <.LBE16>:
		while(__ticks)
		{
			// wait 1/10 ms
			_delay_loop_2(((F_CPU) / 4e3) / 10);
			__ticks --;
 162:	8b 89       	ldd	r24, Y+19	; 0x13
 164:	9c 89       	ldd	r25, Y+20	; 0x14
 166:	01 97       	sbiw	r24, 0x01	; 1
 168:	9c 8b       	std	Y+20, r25	; 0x14
 16a:	8b 8b       	std	Y+19, r24	; 0x13

0000016c <.L7>:
		__ticks = 1;
	else if (__tmp > 65535)
	{
		//	__ticks = requested delay in 1/10 ms
		__ticks = (uint16_t) (__ms * 10.0);
		while(__ticks)
 16c:	8b 89       	ldd	r24, Y+19	; 0x13
 16e:	9c 89       	ldd	r25, Y+20	; 0x14
 170:	00 97       	sbiw	r24, 0x00	; 0
 172:	69 f7       	brne	.-38     	; 0x14e <.L8>
 174:	14 c0       	rjmp	.+40     	; 0x19e <.L9>

00000176 <.L25>:
			__ticks --;
		}
		return;
	}
	else
		__ticks = (uint16_t)__tmp;
 176:	6d 89       	ldd	r22, Y+21	; 0x15
 178:	7e 89       	ldd	r23, Y+22	; 0x16
 17a:	8f 89       	ldd	r24, Y+23	; 0x17
 17c:	98 8d       	ldd	r25, Y+24	; 0x18
 17e:	0e 94 45 01 	call	0x28a	; 0x28a <__fixunssfsi>
 182:	dc 01       	movw	r26, r24
 184:	cb 01       	movw	r24, r22
 186:	9c 8b       	std	Y+20, r25	; 0x14
 188:	8b 8b       	std	Y+19, r24	; 0x13

0000018a <.L4>:
 18a:	8b 89       	ldd	r24, Y+19	; 0x13
 18c:	9c 89       	ldd	r25, Y+20	; 0x14
 18e:	98 8b       	std	Y+16, r25	; 0x10
 190:	8f 87       	std	Y+15, r24	; 0x0f

00000192 <.LBB18>:
 192:	8f 85       	ldd	r24, Y+15	; 0x0f
 194:	98 89       	ldd	r25, Y+16	; 0x10
 196:	01 97       	sbiw	r24, 0x01	; 1
 198:	f1 f7       	brne	.-4      	; 0x196 <.LBB18+0x4>
 19a:	98 8b       	std	Y+16, r25	; 0x10
 19c:	8f 87       	std	Y+15, r24	; 0x0f

0000019e <.L9>:
		_delay_ms(500);

		/* set PORTB low */
		PORTB = 0x00;
 19e:	e5 e2       	ldi	r30, 0x25	; 37
 1a0:	f0 e0       	ldi	r31, 0x00	; 0
 1a2:	10 82       	st	Z, r1
 1a4:	80 e0       	ldi	r24, 0x00	; 0
 1a6:	90 e0       	ldi	r25, 0x00	; 0
 1a8:	aa ef       	ldi	r26, 0xFA	; 250
 1aa:	b3 e4       	ldi	r27, 0x43	; 67
 1ac:	8b 87       	std	Y+11, r24	; 0x0b
 1ae:	9c 87       	std	Y+12, r25	; 0x0c
 1b0:	ad 87       	std	Y+13, r26	; 0x0d
 1b2:	be 87       	std	Y+14, r27	; 0x0e

000001b4 <.LBB20>:
	#endif

	__builtin_avr_delay_cycles(__ticks_dc);

#else
	__tmp = ((F_CPU) / 4e3) * __ms;
 1b4:	6b 85       	ldd	r22, Y+11	; 0x0b
 1b6:	7c 85       	ldd	r23, Y+12	; 0x0c
 1b8:	8d 85       	ldd	r24, Y+13	; 0x0d
 1ba:	9e 85       	ldd	r25, Y+14	; 0x0e
 1bc:	20 e0       	ldi	r18, 0x00	; 0
 1be:	30 e0       	ldi	r19, 0x00	; 0
 1c0:	4a e7       	ldi	r20, 0x7A	; 122
 1c2:	53 e4       	ldi	r21, 0x43	; 67
 1c4:	0e 94 1b 03 	call	0x636	; 0x636 <__mulsf3>
 1c8:	dc 01       	movw	r26, r24
 1ca:	cb 01       	movw	r24, r22
 1cc:	8f 83       	std	Y+7, r24	; 0x07
 1ce:	98 87       	std	Y+8, r25	; 0x08
 1d0:	a9 87       	std	Y+9, r26	; 0x09
 1d2:	ba 87       	std	Y+10, r27	; 0x0a

000001d4 <.LM15>:
	if (__tmp < 1.0)
 1d4:	6f 81       	ldd	r22, Y+7	; 0x07
 1d6:	78 85       	ldd	r23, Y+8	; 0x08
 1d8:	89 85       	ldd	r24, Y+9	; 0x09
 1da:	9a 85       	ldd	r25, Y+10	; 0x0a
 1dc:	20 e0       	ldi	r18, 0x00	; 0
 1de:	30 e0       	ldi	r19, 0x00	; 0
 1e0:	40 e8       	ldi	r20, 0x80	; 128
 1e2:	5f e3       	ldi	r21, 0x3F	; 63
 1e4:	0e 94 75 04 	call	0x8ea	; 0x8ea <__ltsf2>
 1e8:	88 23       	and	r24, r24
 1ea:	2c f4       	brge	.+10     	; 0x1f6 <.L26>

000001ec <.L22>:
		__ticks = 1;
 1ec:	81 e0       	ldi	r24, 0x01	; 1
 1ee:	90 e0       	ldi	r25, 0x00	; 0
 1f0:	9e 83       	std	Y+6, r25	; 0x06
 1f2:	8d 83       	std	Y+5, r24	; 0x05
 1f4:	3f c0       	rjmp	.+126    	; 0x274 <.L12>

000001f6 <.L26>:
	else if (__tmp > 65535)
 1f6:	6f 81       	ldd	r22, Y+7	; 0x07
 1f8:	78 85       	ldd	r23, Y+8	; 0x08
 1fa:	89 85       	ldd	r24, Y+9	; 0x09
 1fc:	9a 85       	ldd	r25, Y+10	; 0x0a
 1fe:	20 e0       	ldi	r18, 0x00	; 0
 200:	3f ef       	ldi	r19, 0xFF	; 255
 202:	4f e7       	ldi	r20, 0x7F	; 127
 204:	57 e4       	ldi	r21, 0x47	; 71
 206:	0e 94 15 04 	call	0x82a	; 0x82a <__gtsf2>
 20a:	18 16       	cp	r1, r24
 20c:	4c f5       	brge	.+82     	; 0x260 <.L27>

0000020e <.L23>:
	{
		//	__ticks = requested delay in 1/10 ms
		__ticks = (uint16_t) (__ms * 10.0);
 20e:	6b 85       	ldd	r22, Y+11	; 0x0b
 210:	7c 85       	ldd	r23, Y+12	; 0x0c
 212:	8d 85       	ldd	r24, Y+13	; 0x0d
 214:	9e 85       	ldd	r25, Y+14	; 0x0e
 216:	20 e0       	ldi	r18, 0x00	; 0
 218:	30 e0       	ldi	r19, 0x00	; 0
 21a:	40 e2       	ldi	r20, 0x20	; 32
 21c:	51 e4       	ldi	r21, 0x41	; 65
 21e:	0e 94 1b 03 	call	0x636	; 0x636 <__mulsf3>
 222:	dc 01       	movw	r26, r24
 224:	cb 01       	movw	r24, r22
 226:	bc 01       	movw	r22, r24
 228:	cd 01       	movw	r24, r26
 22a:	0e 94 45 01 	call	0x28a	; 0x28a <__fixunssfsi>
 22e:	dc 01       	movw	r26, r24
 230:	cb 01       	movw	r24, r22
 232:	9e 83       	std	Y+6, r25	; 0x06
 234:	8d 83       	std	Y+5, r24	; 0x05
 236:	0f c0       	rjmp	.+30     	; 0x256 <.L15>

00000238 <.L16>:
 238:	89 e1       	ldi	r24, 0x19	; 25
 23a:	90 e0       	ldi	r25, 0x00	; 0
 23c:	9c 83       	std	Y+4, r25	; 0x04
 23e:	8b 83       	std	Y+3, r24	; 0x03

00000240 <.LBB22>:
 240:	8b 81       	ldd	r24, Y+3	; 0x03
 242:	9c 81       	ldd	r25, Y+4	; 0x04
 244:	01 97       	sbiw	r24, 0x01	; 1
 246:	f1 f7       	brne	.-4      	; 0x244 <.LBB22+0x4>
 248:	9c 83       	std	Y+4, r25	; 0x04
 24a:	8b 83       	std	Y+3, r24	; 0x03

0000024c <.LBE22>:
		while(__ticks)
		{
			// wait 1/10 ms
			_delay_loop_2(((F_CPU) / 4e3) / 10);
			__ticks --;
 24c:	8d 81       	ldd	r24, Y+5	; 0x05
 24e:	9e 81       	ldd	r25, Y+6	; 0x06
 250:	01 97       	sbiw	r24, 0x01	; 1
 252:	9e 83       	std	Y+6, r25	; 0x06
 254:	8d 83       	std	Y+5, r24	; 0x05

00000256 <.L15>:
		__ticks = 1;
	else if (__tmp > 65535)
	{
		//	__ticks = requested delay in 1/10 ms
		__ticks = (uint16_t) (__ms * 10.0);
		while(__ticks)
 256:	8d 81       	ldd	r24, Y+5	; 0x05
 258:	9e 81       	ldd	r25, Y+6	; 0x06
 25a:	00 97       	sbiw	r24, 0x00	; 0
 25c:	69 f7       	brne	.-38     	; 0x238 <.L16>
 25e:	29 cf       	rjmp	.-430    	; 0xb2 <.L18>

00000260 <.L27>:
			__ticks --;
		}
		return;
	}
	else
		__ticks = (uint16_t)__tmp;
 260:	6f 81       	ldd	r22, Y+7	; 0x07
 262:	78 85       	ldd	r23, Y+8	; 0x08
 264:	89 85       	ldd	r24, Y+9	; 0x09
 266:	9a 85       	ldd	r25, Y+10	; 0x0a
 268:	0e 94 45 01 	call	0x28a	; 0x28a <__fixunssfsi>
 26c:	dc 01       	movw	r26, r24
 26e:	cb 01       	movw	r24, r22
 270:	9e 83       	std	Y+6, r25	; 0x06
 272:	8d 83       	std	Y+5, r24	; 0x05

00000274 <.L12>:
 274:	8d 81       	ldd	r24, Y+5	; 0x05
 276:	9e 81       	ldd	r25, Y+6	; 0x06
 278:	9a 83       	std	Y+2, r25	; 0x02
 27a:	89 83       	std	Y+1, r24	; 0x01

0000027c <.LBB24>:
 27c:	89 81       	ldd	r24, Y+1	; 0x01
 27e:	9a 81       	ldd	r25, Y+2	; 0x02
 280:	01 97       	sbiw	r24, 0x01	; 1
 282:	f1 f7       	brne	.-4      	; 0x280 <.LBB24+0x4>
 284:	9a 83       	std	Y+2, r25	; 0x02
 286:	89 83       	std	Y+1, r24	; 0x01
 288:	14 cf       	rjmp	.-472    	; 0xb2 <.L18>

0000028a <__fixunssfsi>:
 28a:	ef 92       	push	r14
 28c:	ff 92       	push	r15
 28e:	0f 93       	push	r16
 290:	1f 93       	push	r17
 292:	7b 01       	movw	r14, r22
 294:	8c 01       	movw	r16, r24
 296:	20 e0       	ldi	r18, 0x00	; 0
 298:	30 e0       	ldi	r19, 0x00	; 0
 29a:	40 e0       	ldi	r20, 0x00	; 0
 29c:	5f e4       	ldi	r21, 0x4F	; 79
 29e:	0e 94 45 04 	call	0x88a	; 0x88a <__gesf2>
 2a2:	88 23       	and	r24, r24
 2a4:	8c f0       	brlt	.+34     	; 0x2c8 <__fixunssfsi+0x3e>
 2a6:	c8 01       	movw	r24, r16
 2a8:	b7 01       	movw	r22, r14
 2aa:	20 e0       	ldi	r18, 0x00	; 0
 2ac:	30 e0       	ldi	r19, 0x00	; 0
 2ae:	40 e0       	ldi	r20, 0x00	; 0
 2b0:	5f e4       	ldi	r21, 0x4F	; 79
 2b2:	0e 94 bd 02 	call	0x57a	; 0x57a <__subsf3>
 2b6:	0e 94 a5 04 	call	0x94a	; 0x94a <__fixsfsi>
 2ba:	9b 01       	movw	r18, r22
 2bc:	ac 01       	movw	r20, r24
 2be:	20 50       	subi	r18, 0x00	; 0
 2c0:	30 40       	sbci	r19, 0x00	; 0
 2c2:	40 40       	sbci	r20, 0x00	; 0
 2c4:	50 48       	sbci	r21, 0x80	; 128
 2c6:	06 c0       	rjmp	.+12     	; 0x2d4 <__fixunssfsi+0x4a>
 2c8:	c8 01       	movw	r24, r16
 2ca:	b7 01       	movw	r22, r14
 2cc:	0e 94 a5 04 	call	0x94a	; 0x94a <__fixsfsi>
 2d0:	9b 01       	movw	r18, r22
 2d2:	ac 01       	movw	r20, r24
 2d4:	b9 01       	movw	r22, r18
 2d6:	ca 01       	movw	r24, r20
 2d8:	1f 91       	pop	r17
 2da:	0f 91       	pop	r16
 2dc:	ff 90       	pop	r15
 2de:	ef 90       	pop	r14
 2e0:	08 95       	ret

000002e2 <_fpadd_parts>:
 2e2:	a0 e0       	ldi	r26, 0x00	; 0
 2e4:	b0 e0       	ldi	r27, 0x00	; 0
 2e6:	e7 e7       	ldi	r30, 0x77	; 119
 2e8:	f1 e0       	ldi	r31, 0x01	; 1
 2ea:	0c 94 9f 06 	jmp	0xd3e	; 0xd3e <__prologue_saves__>
 2ee:	dc 01       	movw	r26, r24
 2f0:	2b 01       	movw	r4, r22
 2f2:	fa 01       	movw	r30, r20
 2f4:	9c 91       	ld	r25, X
 2f6:	92 30       	cpi	r25, 0x02	; 2
 2f8:	08 f4       	brcc	.+2      	; 0x2fc <_fpadd_parts+0x1a>
 2fa:	39 c1       	rjmp	.+626    	; 0x56e <_fpadd_parts+0x28c>
 2fc:	eb 01       	movw	r28, r22
 2fe:	88 81       	ld	r24, Y
 300:	82 30       	cpi	r24, 0x02	; 2
 302:	08 f4       	brcc	.+2      	; 0x306 <_fpadd_parts+0x24>
 304:	33 c1       	rjmp	.+614    	; 0x56c <_fpadd_parts+0x28a>
 306:	94 30       	cpi	r25, 0x04	; 4
 308:	69 f4       	brne	.+26     	; 0x324 <_fpadd_parts+0x42>
 30a:	84 30       	cpi	r24, 0x04	; 4
 30c:	09 f0       	breq	.+2      	; 0x310 <_fpadd_parts+0x2e>
 30e:	2f c1       	rjmp	.+606    	; 0x56e <_fpadd_parts+0x28c>
 310:	11 96       	adiw	r26, 0x01	; 1
 312:	9c 91       	ld	r25, X
 314:	11 97       	sbiw	r26, 0x01	; 1
 316:	89 81       	ldd	r24, Y+1	; 0x01
 318:	98 17       	cp	r25, r24
 31a:	09 f4       	brne	.+2      	; 0x31e <_fpadd_parts+0x3c>
 31c:	28 c1       	rjmp	.+592    	; 0x56e <_fpadd_parts+0x28c>
 31e:	a0 e0       	ldi	r26, 0x00	; 0
 320:	b1 e0       	ldi	r27, 0x01	; 1
 322:	25 c1       	rjmp	.+586    	; 0x56e <_fpadd_parts+0x28c>
 324:	84 30       	cpi	r24, 0x04	; 4
 326:	09 f4       	brne	.+2      	; 0x32a <_fpadd_parts+0x48>
 328:	21 c1       	rjmp	.+578    	; 0x56c <_fpadd_parts+0x28a>
 32a:	82 30       	cpi	r24, 0x02	; 2
 32c:	a9 f4       	brne	.+42     	; 0x358 <_fpadd_parts+0x76>
 32e:	92 30       	cpi	r25, 0x02	; 2
 330:	09 f0       	breq	.+2      	; 0x334 <_fpadd_parts+0x52>
 332:	1d c1       	rjmp	.+570    	; 0x56e <_fpadd_parts+0x28c>
 334:	9a 01       	movw	r18, r20
 336:	ad 01       	movw	r20, r26
 338:	88 e0       	ldi	r24, 0x08	; 8
 33a:	ea 01       	movw	r28, r20
 33c:	09 90       	ld	r0, Y+
 33e:	ae 01       	movw	r20, r28
 340:	e9 01       	movw	r28, r18
 342:	09 92       	st	Y+, r0
 344:	9e 01       	movw	r18, r28
 346:	81 50       	subi	r24, 0x01	; 1
 348:	c1 f7       	brne	.-16     	; 0x33a <_fpadd_parts+0x58>
 34a:	e2 01       	movw	r28, r4
 34c:	89 81       	ldd	r24, Y+1	; 0x01
 34e:	11 96       	adiw	r26, 0x01	; 1
 350:	9c 91       	ld	r25, X
 352:	89 23       	and	r24, r25
 354:	81 83       	std	Z+1, r24	; 0x01
 356:	08 c1       	rjmp	.+528    	; 0x568 <_fpadd_parts+0x286>
 358:	92 30       	cpi	r25, 0x02	; 2
 35a:	09 f4       	brne	.+2      	; 0x35e <_fpadd_parts+0x7c>
 35c:	07 c1       	rjmp	.+526    	; 0x56c <_fpadd_parts+0x28a>
 35e:	12 96       	adiw	r26, 0x02	; 2
 360:	2d 90       	ld	r2, X+
 362:	3c 90       	ld	r3, X
 364:	13 97       	sbiw	r26, 0x03	; 3
 366:	eb 01       	movw	r28, r22
 368:	8a 81       	ldd	r24, Y+2	; 0x02
 36a:	9b 81       	ldd	r25, Y+3	; 0x03
 36c:	14 96       	adiw	r26, 0x04	; 4
 36e:	ad 90       	ld	r10, X+
 370:	bd 90       	ld	r11, X+
 372:	cd 90       	ld	r12, X+
 374:	dc 90       	ld	r13, X
 376:	17 97       	sbiw	r26, 0x07	; 7
 378:	ec 80       	ldd	r14, Y+4	; 0x04
 37a:	fd 80       	ldd	r15, Y+5	; 0x05
 37c:	0e 81       	ldd	r16, Y+6	; 0x06
 37e:	1f 81       	ldd	r17, Y+7	; 0x07
 380:	91 01       	movw	r18, r2
 382:	28 1b       	sub	r18, r24
 384:	39 0b       	sbc	r19, r25
 386:	b9 01       	movw	r22, r18
 388:	37 ff       	sbrs	r19, 7
 38a:	04 c0       	rjmp	.+8      	; 0x394 <_fpadd_parts+0xb2>
 38c:	66 27       	eor	r22, r22
 38e:	77 27       	eor	r23, r23
 390:	62 1b       	sub	r22, r18
 392:	73 0b       	sbc	r23, r19
 394:	60 32       	cpi	r22, 0x20	; 32
 396:	71 05       	cpc	r23, r1
 398:	0c f0       	brlt	.+2      	; 0x39c <_fpadd_parts+0xba>
 39a:	61 c0       	rjmp	.+194    	; 0x45e <_fpadd_parts+0x17c>
 39c:	12 16       	cp	r1, r18
 39e:	13 06       	cpc	r1, r19
 3a0:	6c f5       	brge	.+90     	; 0x3fc <_fpadd_parts+0x11a>
 3a2:	37 01       	movw	r6, r14
 3a4:	48 01       	movw	r8, r16
 3a6:	06 2e       	mov	r0, r22
 3a8:	04 c0       	rjmp	.+8      	; 0x3b2 <_fpadd_parts+0xd0>
 3aa:	96 94       	lsr	r9
 3ac:	87 94       	ror	r8
 3ae:	77 94       	ror	r7
 3b0:	67 94       	ror	r6
 3b2:	0a 94       	dec	r0
 3b4:	d2 f7       	brpl	.-12     	; 0x3aa <_fpadd_parts+0xc8>
 3b6:	21 e0       	ldi	r18, 0x01	; 1
 3b8:	30 e0       	ldi	r19, 0x00	; 0
 3ba:	40 e0       	ldi	r20, 0x00	; 0
 3bc:	50 e0       	ldi	r21, 0x00	; 0
 3be:	04 c0       	rjmp	.+8      	; 0x3c8 <_fpadd_parts+0xe6>
 3c0:	22 0f       	add	r18, r18
 3c2:	33 1f       	adc	r19, r19
 3c4:	44 1f       	adc	r20, r20
 3c6:	55 1f       	adc	r21, r21
 3c8:	6a 95       	dec	r22
 3ca:	d2 f7       	brpl	.-12     	; 0x3c0 <_fpadd_parts+0xde>
 3cc:	21 50       	subi	r18, 0x01	; 1
 3ce:	30 40       	sbci	r19, 0x00	; 0
 3d0:	40 40       	sbci	r20, 0x00	; 0
 3d2:	50 40       	sbci	r21, 0x00	; 0
 3d4:	2e 21       	and	r18, r14
 3d6:	3f 21       	and	r19, r15
 3d8:	40 23       	and	r20, r16
 3da:	51 23       	and	r21, r17
 3dc:	21 15       	cp	r18, r1
 3de:	31 05       	cpc	r19, r1
 3e0:	41 05       	cpc	r20, r1
 3e2:	51 05       	cpc	r21, r1
 3e4:	21 f0       	breq	.+8      	; 0x3ee <_fpadd_parts+0x10c>
 3e6:	21 e0       	ldi	r18, 0x01	; 1
 3e8:	30 e0       	ldi	r19, 0x00	; 0
 3ea:	40 e0       	ldi	r20, 0x00	; 0
 3ec:	50 e0       	ldi	r21, 0x00	; 0
 3ee:	79 01       	movw	r14, r18
 3f0:	8a 01       	movw	r16, r20
 3f2:	e6 28       	or	r14, r6
 3f4:	f7 28       	or	r15, r7
 3f6:	08 29       	or	r16, r8
 3f8:	19 29       	or	r17, r9
 3fa:	3c c0       	rjmp	.+120    	; 0x474 <_fpadd_parts+0x192>
 3fc:	23 2b       	or	r18, r19
 3fe:	d1 f1       	breq	.+116    	; 0x474 <_fpadd_parts+0x192>
 400:	26 0e       	add	r2, r22
 402:	37 1e       	adc	r3, r23
 404:	35 01       	movw	r6, r10
 406:	46 01       	movw	r8, r12
 408:	06 2e       	mov	r0, r22
 40a:	04 c0       	rjmp	.+8      	; 0x414 <_fpadd_parts+0x132>
 40c:	96 94       	lsr	r9
 40e:	87 94       	ror	r8
 410:	77 94       	ror	r7
 412:	67 94       	ror	r6
 414:	0a 94       	dec	r0
 416:	d2 f7       	brpl	.-12     	; 0x40c <_fpadd_parts+0x12a>
 418:	21 e0       	ldi	r18, 0x01	; 1
 41a:	30 e0       	ldi	r19, 0x00	; 0
 41c:	40 e0       	ldi	r20, 0x00	; 0
 41e:	50 e0       	ldi	r21, 0x00	; 0
 420:	04 c0       	rjmp	.+8      	; 0x42a <_fpadd_parts+0x148>
 422:	22 0f       	add	r18, r18
 424:	33 1f       	adc	r19, r19
 426:	44 1f       	adc	r20, r20
 428:	55 1f       	adc	r21, r21
 42a:	6a 95       	dec	r22
 42c:	d2 f7       	brpl	.-12     	; 0x422 <_fpadd_parts+0x140>
 42e:	21 50       	subi	r18, 0x01	; 1
 430:	30 40       	sbci	r19, 0x00	; 0
 432:	40 40       	sbci	r20, 0x00	; 0
 434:	50 40       	sbci	r21, 0x00	; 0
 436:	2a 21       	and	r18, r10
 438:	3b 21       	and	r19, r11
 43a:	4c 21       	and	r20, r12
 43c:	5d 21       	and	r21, r13
 43e:	21 15       	cp	r18, r1
 440:	31 05       	cpc	r19, r1
 442:	41 05       	cpc	r20, r1
 444:	51 05       	cpc	r21, r1
 446:	21 f0       	breq	.+8      	; 0x450 <_fpadd_parts+0x16e>
 448:	21 e0       	ldi	r18, 0x01	; 1
 44a:	30 e0       	ldi	r19, 0x00	; 0
 44c:	40 e0       	ldi	r20, 0x00	; 0
 44e:	50 e0       	ldi	r21, 0x00	; 0
 450:	59 01       	movw	r10, r18
 452:	6a 01       	movw	r12, r20
 454:	a6 28       	or	r10, r6
 456:	b7 28       	or	r11, r7
 458:	c8 28       	or	r12, r8
 45a:	d9 28       	or	r13, r9
 45c:	0b c0       	rjmp	.+22     	; 0x474 <_fpadd_parts+0x192>
 45e:	82 15       	cp	r24, r2
 460:	93 05       	cpc	r25, r3
 462:	2c f0       	brlt	.+10     	; 0x46e <_fpadd_parts+0x18c>
 464:	1c 01       	movw	r2, r24
 466:	aa 24       	eor	r10, r10
 468:	bb 24       	eor	r11, r11
 46a:	65 01       	movw	r12, r10
 46c:	03 c0       	rjmp	.+6      	; 0x474 <_fpadd_parts+0x192>
 46e:	ee 24       	eor	r14, r14
 470:	ff 24       	eor	r15, r15
 472:	87 01       	movw	r16, r14
 474:	11 96       	adiw	r26, 0x01	; 1
 476:	9c 91       	ld	r25, X
 478:	d2 01       	movw	r26, r4
 47a:	11 96       	adiw	r26, 0x01	; 1
 47c:	8c 91       	ld	r24, X
 47e:	98 17       	cp	r25, r24
 480:	09 f4       	brne	.+2      	; 0x484 <_fpadd_parts+0x1a2>
 482:	45 c0       	rjmp	.+138    	; 0x50e <_fpadd_parts+0x22c>
 484:	99 23       	and	r25, r25
 486:	39 f0       	breq	.+14     	; 0x496 <_fpadd_parts+0x1b4>
 488:	a8 01       	movw	r20, r16
 48a:	97 01       	movw	r18, r14
 48c:	2a 19       	sub	r18, r10
 48e:	3b 09       	sbc	r19, r11
 490:	4c 09       	sbc	r20, r12
 492:	5d 09       	sbc	r21, r13
 494:	06 c0       	rjmp	.+12     	; 0x4a2 <_fpadd_parts+0x1c0>
 496:	a6 01       	movw	r20, r12
 498:	95 01       	movw	r18, r10
 49a:	2e 19       	sub	r18, r14
 49c:	3f 09       	sbc	r19, r15
 49e:	40 0b       	sbc	r20, r16
 4a0:	51 0b       	sbc	r21, r17
 4a2:	57 fd       	sbrc	r21, 7
 4a4:	08 c0       	rjmp	.+16     	; 0x4b6 <_fpadd_parts+0x1d4>
 4a6:	11 82       	std	Z+1, r1	; 0x01
 4a8:	33 82       	std	Z+3, r3	; 0x03
 4aa:	22 82       	std	Z+2, r2	; 0x02
 4ac:	24 83       	std	Z+4, r18	; 0x04
 4ae:	35 83       	std	Z+5, r19	; 0x05
 4b0:	46 83       	std	Z+6, r20	; 0x06
 4b2:	57 83       	std	Z+7, r21	; 0x07
 4b4:	1d c0       	rjmp	.+58     	; 0x4f0 <_fpadd_parts+0x20e>
 4b6:	81 e0       	ldi	r24, 0x01	; 1
 4b8:	81 83       	std	Z+1, r24	; 0x01
 4ba:	33 82       	std	Z+3, r3	; 0x03
 4bc:	22 82       	std	Z+2, r2	; 0x02
 4be:	88 27       	eor	r24, r24
 4c0:	99 27       	eor	r25, r25
 4c2:	dc 01       	movw	r26, r24
 4c4:	82 1b       	sub	r24, r18
 4c6:	93 0b       	sbc	r25, r19
 4c8:	a4 0b       	sbc	r26, r20
 4ca:	b5 0b       	sbc	r27, r21
 4cc:	84 83       	std	Z+4, r24	; 0x04
 4ce:	95 83       	std	Z+5, r25	; 0x05
 4d0:	a6 83       	std	Z+6, r26	; 0x06
 4d2:	b7 83       	std	Z+7, r27	; 0x07
 4d4:	0d c0       	rjmp	.+26     	; 0x4f0 <_fpadd_parts+0x20e>
 4d6:	22 0f       	add	r18, r18
 4d8:	33 1f       	adc	r19, r19
 4da:	44 1f       	adc	r20, r20
 4dc:	55 1f       	adc	r21, r21
 4de:	24 83       	std	Z+4, r18	; 0x04
 4e0:	35 83       	std	Z+5, r19	; 0x05
 4e2:	46 83       	std	Z+6, r20	; 0x06
 4e4:	57 83       	std	Z+7, r21	; 0x07
 4e6:	82 81       	ldd	r24, Z+2	; 0x02
 4e8:	93 81       	ldd	r25, Z+3	; 0x03
 4ea:	01 97       	sbiw	r24, 0x01	; 1
 4ec:	93 83       	std	Z+3, r25	; 0x03
 4ee:	82 83       	std	Z+2, r24	; 0x02
 4f0:	24 81       	ldd	r18, Z+4	; 0x04
 4f2:	35 81       	ldd	r19, Z+5	; 0x05
 4f4:	46 81       	ldd	r20, Z+6	; 0x06
 4f6:	57 81       	ldd	r21, Z+7	; 0x07
 4f8:	da 01       	movw	r26, r20
 4fa:	c9 01       	movw	r24, r18
 4fc:	01 97       	sbiw	r24, 0x01	; 1
 4fe:	a1 09       	sbc	r26, r1
 500:	b1 09       	sbc	r27, r1
 502:	8f 5f       	subi	r24, 0xFF	; 255
 504:	9f 4f       	sbci	r25, 0xFF	; 255
 506:	af 4f       	sbci	r26, 0xFF	; 255
 508:	bf 43       	sbci	r27, 0x3F	; 63
 50a:	28 f3       	brcs	.-54     	; 0x4d6 <_fpadd_parts+0x1f4>
 50c:	0b c0       	rjmp	.+22     	; 0x524 <_fpadd_parts+0x242>
 50e:	91 83       	std	Z+1, r25	; 0x01
 510:	33 82       	std	Z+3, r3	; 0x03
 512:	22 82       	std	Z+2, r2	; 0x02
 514:	ea 0c       	add	r14, r10
 516:	fb 1c       	adc	r15, r11
 518:	0c 1d       	adc	r16, r12
 51a:	1d 1d       	adc	r17, r13
 51c:	e4 82       	std	Z+4, r14	; 0x04
 51e:	f5 82       	std	Z+5, r15	; 0x05
 520:	06 83       	std	Z+6, r16	; 0x06
 522:	17 83       	std	Z+7, r17	; 0x07
 524:	83 e0       	ldi	r24, 0x03	; 3
 526:	80 83       	st	Z, r24
 528:	24 81       	ldd	r18, Z+4	; 0x04
 52a:	35 81       	ldd	r19, Z+5	; 0x05
 52c:	46 81       	ldd	r20, Z+6	; 0x06
 52e:	57 81       	ldd	r21, Z+7	; 0x07
 530:	57 ff       	sbrs	r21, 7
 532:	1a c0       	rjmp	.+52     	; 0x568 <_fpadd_parts+0x286>
 534:	c9 01       	movw	r24, r18
 536:	aa 27       	eor	r26, r26
 538:	97 fd       	sbrc	r25, 7
 53a:	a0 95       	com	r26
 53c:	ba 2f       	mov	r27, r26
 53e:	81 70       	andi	r24, 0x01	; 1
 540:	90 70       	andi	r25, 0x00	; 0
 542:	a0 70       	andi	r26, 0x00	; 0
 544:	b0 70       	andi	r27, 0x00	; 0
 546:	56 95       	lsr	r21
 548:	47 95       	ror	r20
 54a:	37 95       	ror	r19
 54c:	27 95       	ror	r18
 54e:	82 2b       	or	r24, r18
 550:	93 2b       	or	r25, r19
 552:	a4 2b       	or	r26, r20
 554:	b5 2b       	or	r27, r21
 556:	84 83       	std	Z+4, r24	; 0x04
 558:	95 83       	std	Z+5, r25	; 0x05
 55a:	a6 83       	std	Z+6, r26	; 0x06
 55c:	b7 83       	std	Z+7, r27	; 0x07
 55e:	82 81       	ldd	r24, Z+2	; 0x02
 560:	93 81       	ldd	r25, Z+3	; 0x03
 562:	01 96       	adiw	r24, 0x01	; 1
 564:	93 83       	std	Z+3, r25	; 0x03
 566:	82 83       	std	Z+2, r24	; 0x02
 568:	df 01       	movw	r26, r30
 56a:	01 c0       	rjmp	.+2      	; 0x56e <_fpadd_parts+0x28c>
 56c:	d2 01       	movw	r26, r4
 56e:	cd 01       	movw	r24, r26
 570:	cd b7       	in	r28, 0x3d	; 61
 572:	de b7       	in	r29, 0x3e	; 62
 574:	e2 e1       	ldi	r30, 0x12	; 18
 576:	0c 94 bb 06 	jmp	0xd76	; 0xd76 <__epilogue_restores__>

0000057a <__subsf3>:
 57a:	a0 e2       	ldi	r26, 0x20	; 32
 57c:	b0 e0       	ldi	r27, 0x00	; 0
 57e:	e3 ec       	ldi	r30, 0xC3	; 195
 580:	f2 e0       	ldi	r31, 0x02	; 2
 582:	0c 94 ab 06 	jmp	0xd56	; 0xd56 <__prologue_saves__+0x18>
 586:	69 83       	std	Y+1, r22	; 0x01
 588:	7a 83       	std	Y+2, r23	; 0x02
 58a:	8b 83       	std	Y+3, r24	; 0x03
 58c:	9c 83       	std	Y+4, r25	; 0x04
 58e:	2d 83       	std	Y+5, r18	; 0x05
 590:	3e 83       	std	Y+6, r19	; 0x06
 592:	4f 83       	std	Y+7, r20	; 0x07
 594:	58 87       	std	Y+8, r21	; 0x08
 596:	e9 e0       	ldi	r30, 0x09	; 9
 598:	ee 2e       	mov	r14, r30
 59a:	f1 2c       	mov	r15, r1
 59c:	ec 0e       	add	r14, r28
 59e:	fd 1e       	adc	r15, r29
 5a0:	ce 01       	movw	r24, r28
 5a2:	01 96       	adiw	r24, 0x01	; 1
 5a4:	b7 01       	movw	r22, r14
 5a6:	0e 94 ce 05 	call	0xb9c	; 0xb9c <__unpack_f>
 5aa:	8e 01       	movw	r16, r28
 5ac:	0f 5e       	subi	r16, 0xEF	; 239
 5ae:	1f 4f       	sbci	r17, 0xFF	; 255
 5b0:	ce 01       	movw	r24, r28
 5b2:	05 96       	adiw	r24, 0x05	; 5
 5b4:	b8 01       	movw	r22, r16
 5b6:	0e 94 ce 05 	call	0xb9c	; 0xb9c <__unpack_f>
 5ba:	8a 89       	ldd	r24, Y+18	; 0x12
 5bc:	91 e0       	ldi	r25, 0x01	; 1
 5be:	89 27       	eor	r24, r25
 5c0:	8a 8b       	std	Y+18, r24	; 0x12
 5c2:	c7 01       	movw	r24, r14
 5c4:	b8 01       	movw	r22, r16
 5c6:	ae 01       	movw	r20, r28
 5c8:	47 5e       	subi	r20, 0xE7	; 231
 5ca:	5f 4f       	sbci	r21, 0xFF	; 255
 5cc:	0e 94 71 01 	call	0x2e2	; 0x2e2 <_fpadd_parts>
 5d0:	0e 94 f9 04 	call	0x9f2	; 0x9f2 <__pack_f>
 5d4:	a0 96       	adiw	r28, 0x20	; 32
 5d6:	e6 e0       	ldi	r30, 0x06	; 6
 5d8:	0c 94 c7 06 	jmp	0xd8e	; 0xd8e <__epilogue_restores__+0x18>

000005dc <__addsf3>:
 5dc:	a0 e2       	ldi	r26, 0x20	; 32
 5de:	b0 e0       	ldi	r27, 0x00	; 0
 5e0:	e4 ef       	ldi	r30, 0xF4	; 244
 5e2:	f2 e0       	ldi	r31, 0x02	; 2
 5e4:	0c 94 ab 06 	jmp	0xd56	; 0xd56 <__prologue_saves__+0x18>
 5e8:	69 83       	std	Y+1, r22	; 0x01
 5ea:	7a 83       	std	Y+2, r23	; 0x02
 5ec:	8b 83       	std	Y+3, r24	; 0x03
 5ee:	9c 83       	std	Y+4, r25	; 0x04
 5f0:	2d 83       	std	Y+5, r18	; 0x05
 5f2:	3e 83       	std	Y+6, r19	; 0x06
 5f4:	4f 83       	std	Y+7, r20	; 0x07
 5f6:	58 87       	std	Y+8, r21	; 0x08
 5f8:	f9 e0       	ldi	r31, 0x09	; 9
 5fa:	ef 2e       	mov	r14, r31
 5fc:	f1 2c       	mov	r15, r1
 5fe:	ec 0e       	add	r14, r28
 600:	fd 1e       	adc	r15, r29
 602:	ce 01       	movw	r24, r28
 604:	01 96       	adiw	r24, 0x01	; 1
 606:	b7 01       	movw	r22, r14
 608:	0e 94 ce 05 	call	0xb9c	; 0xb9c <__unpack_f>
 60c:	8e 01       	movw	r16, r28
 60e:	0f 5e       	subi	r16, 0xEF	; 239
 610:	1f 4f       	sbci	r17, 0xFF	; 255
 612:	ce 01       	movw	r24, r28
 614:	05 96       	adiw	r24, 0x05	; 5
 616:	b8 01       	movw	r22, r16
 618:	0e 94 ce 05 	call	0xb9c	; 0xb9c <__unpack_f>
 61c:	c7 01       	movw	r24, r14
 61e:	b8 01       	movw	r22, r16
 620:	ae 01       	movw	r20, r28
 622:	47 5e       	subi	r20, 0xE7	; 231
 624:	5f 4f       	sbci	r21, 0xFF	; 255
 626:	0e 94 71 01 	call	0x2e2	; 0x2e2 <_fpadd_parts>
 62a:	0e 94 f9 04 	call	0x9f2	; 0x9f2 <__pack_f>
 62e:	a0 96       	adiw	r28, 0x20	; 32
 630:	e6 e0       	ldi	r30, 0x06	; 6
 632:	0c 94 c7 06 	jmp	0xd8e	; 0xd8e <__epilogue_restores__+0x18>

00000636 <__mulsf3>:
 636:	a0 e2       	ldi	r26, 0x20	; 32
 638:	b0 e0       	ldi	r27, 0x00	; 0
 63a:	e1 e2       	ldi	r30, 0x21	; 33
 63c:	f3 e0       	ldi	r31, 0x03	; 3
 63e:	0c 94 9f 06 	jmp	0xd3e	; 0xd3e <__prologue_saves__>
 642:	69 83       	std	Y+1, r22	; 0x01
 644:	7a 83       	std	Y+2, r23	; 0x02
 646:	8b 83       	std	Y+3, r24	; 0x03
 648:	9c 83       	std	Y+4, r25	; 0x04
 64a:	2d 83       	std	Y+5, r18	; 0x05
 64c:	3e 83       	std	Y+6, r19	; 0x06
 64e:	4f 83       	std	Y+7, r20	; 0x07
 650:	58 87       	std	Y+8, r21	; 0x08
 652:	ce 01       	movw	r24, r28
 654:	01 96       	adiw	r24, 0x01	; 1
 656:	be 01       	movw	r22, r28
 658:	67 5f       	subi	r22, 0xF7	; 247
 65a:	7f 4f       	sbci	r23, 0xFF	; 255
 65c:	0e 94 ce 05 	call	0xb9c	; 0xb9c <__unpack_f>
 660:	ce 01       	movw	r24, r28
 662:	05 96       	adiw	r24, 0x05	; 5
 664:	be 01       	movw	r22, r28
 666:	6f 5e       	subi	r22, 0xEF	; 239
 668:	7f 4f       	sbci	r23, 0xFF	; 255
 66a:	0e 94 ce 05 	call	0xb9c	; 0xb9c <__unpack_f>
 66e:	99 85       	ldd	r25, Y+9	; 0x09
 670:	92 30       	cpi	r25, 0x02	; 2
 672:	88 f0       	brcs	.+34     	; 0x696 <__mulsf3+0x60>
 674:	89 89       	ldd	r24, Y+17	; 0x11
 676:	82 30       	cpi	r24, 0x02	; 2
 678:	c8 f0       	brcs	.+50     	; 0x6ac <__mulsf3+0x76>
 67a:	94 30       	cpi	r25, 0x04	; 4
 67c:	19 f4       	brne	.+6      	; 0x684 <__mulsf3+0x4e>
 67e:	82 30       	cpi	r24, 0x02	; 2
 680:	51 f4       	brne	.+20     	; 0x696 <__mulsf3+0x60>
 682:	04 c0       	rjmp	.+8      	; 0x68c <__mulsf3+0x56>
 684:	84 30       	cpi	r24, 0x04	; 4
 686:	29 f4       	brne	.+10     	; 0x692 <__mulsf3+0x5c>
 688:	92 30       	cpi	r25, 0x02	; 2
 68a:	81 f4       	brne	.+32     	; 0x6ac <__mulsf3+0x76>
 68c:	80 e0       	ldi	r24, 0x00	; 0
 68e:	91 e0       	ldi	r25, 0x01	; 1
 690:	c6 c0       	rjmp	.+396    	; 0x81e <__mulsf3+0x1e8>
 692:	92 30       	cpi	r25, 0x02	; 2
 694:	49 f4       	brne	.+18     	; 0x6a8 <__mulsf3+0x72>
 696:	20 e0       	ldi	r18, 0x00	; 0
 698:	9a 85       	ldd	r25, Y+10	; 0x0a
 69a:	8a 89       	ldd	r24, Y+18	; 0x12
 69c:	98 13       	cpse	r25, r24
 69e:	21 e0       	ldi	r18, 0x01	; 1
 6a0:	2a 87       	std	Y+10, r18	; 0x0a
 6a2:	ce 01       	movw	r24, r28
 6a4:	09 96       	adiw	r24, 0x09	; 9
 6a6:	bb c0       	rjmp	.+374    	; 0x81e <__mulsf3+0x1e8>
 6a8:	82 30       	cpi	r24, 0x02	; 2
 6aa:	49 f4       	brne	.+18     	; 0x6be <__mulsf3+0x88>
 6ac:	20 e0       	ldi	r18, 0x00	; 0
 6ae:	9a 85       	ldd	r25, Y+10	; 0x0a
 6b0:	8a 89       	ldd	r24, Y+18	; 0x12
 6b2:	98 13       	cpse	r25, r24
 6b4:	21 e0       	ldi	r18, 0x01	; 1
 6b6:	2a 8b       	std	Y+18, r18	; 0x12
 6b8:	ce 01       	movw	r24, r28
 6ba:	41 96       	adiw	r24, 0x11	; 17
 6bc:	b0 c0       	rjmp	.+352    	; 0x81e <__mulsf3+0x1e8>
 6be:	2d 84       	ldd	r2, Y+13	; 0x0d
 6c0:	3e 84       	ldd	r3, Y+14	; 0x0e
 6c2:	4f 84       	ldd	r4, Y+15	; 0x0f
 6c4:	58 88       	ldd	r5, Y+16	; 0x10
 6c6:	6d 88       	ldd	r6, Y+21	; 0x15
 6c8:	7e 88       	ldd	r7, Y+22	; 0x16
 6ca:	8f 88       	ldd	r8, Y+23	; 0x17
 6cc:	98 8c       	ldd	r9, Y+24	; 0x18
 6ce:	ee 24       	eor	r14, r14
 6d0:	ff 24       	eor	r15, r15
 6d2:	87 01       	movw	r16, r14
 6d4:	aa 24       	eor	r10, r10
 6d6:	bb 24       	eor	r11, r11
 6d8:	65 01       	movw	r12, r10
 6da:	40 e0       	ldi	r20, 0x00	; 0
 6dc:	50 e0       	ldi	r21, 0x00	; 0
 6de:	60 e0       	ldi	r22, 0x00	; 0
 6e0:	70 e0       	ldi	r23, 0x00	; 0
 6e2:	e0 e0       	ldi	r30, 0x00	; 0
 6e4:	f0 e0       	ldi	r31, 0x00	; 0
 6e6:	c1 01       	movw	r24, r2
 6e8:	81 70       	andi	r24, 0x01	; 1
 6ea:	90 70       	andi	r25, 0x00	; 0
 6ec:	89 2b       	or	r24, r25
 6ee:	e9 f0       	breq	.+58     	; 0x72a <__mulsf3+0xf4>
 6f0:	e6 0c       	add	r14, r6
 6f2:	f7 1c       	adc	r15, r7
 6f4:	08 1d       	adc	r16, r8
 6f6:	19 1d       	adc	r17, r9
 6f8:	9a 01       	movw	r18, r20
 6fa:	ab 01       	movw	r20, r22
 6fc:	2a 0d       	add	r18, r10
 6fe:	3b 1d       	adc	r19, r11
 700:	4c 1d       	adc	r20, r12
 702:	5d 1d       	adc	r21, r13
 704:	80 e0       	ldi	r24, 0x00	; 0
 706:	90 e0       	ldi	r25, 0x00	; 0
 708:	a0 e0       	ldi	r26, 0x00	; 0
 70a:	b0 e0       	ldi	r27, 0x00	; 0
 70c:	e6 14       	cp	r14, r6
 70e:	f7 04       	cpc	r15, r7
 710:	08 05       	cpc	r16, r8
 712:	19 05       	cpc	r17, r9
 714:	20 f4       	brcc	.+8      	; 0x71e <__mulsf3+0xe8>
 716:	81 e0       	ldi	r24, 0x01	; 1
 718:	90 e0       	ldi	r25, 0x00	; 0
 71a:	a0 e0       	ldi	r26, 0x00	; 0
 71c:	b0 e0       	ldi	r27, 0x00	; 0
 71e:	ba 01       	movw	r22, r20
 720:	a9 01       	movw	r20, r18
 722:	48 0f       	add	r20, r24
 724:	59 1f       	adc	r21, r25
 726:	6a 1f       	adc	r22, r26
 728:	7b 1f       	adc	r23, r27
 72a:	aa 0c       	add	r10, r10
 72c:	bb 1c       	adc	r11, r11
 72e:	cc 1c       	adc	r12, r12
 730:	dd 1c       	adc	r13, r13
 732:	97 fe       	sbrs	r9, 7
 734:	08 c0       	rjmp	.+16     	; 0x746 <__mulsf3+0x110>
 736:	81 e0       	ldi	r24, 0x01	; 1
 738:	90 e0       	ldi	r25, 0x00	; 0
 73a:	a0 e0       	ldi	r26, 0x00	; 0
 73c:	b0 e0       	ldi	r27, 0x00	; 0
 73e:	a8 2a       	or	r10, r24
 740:	b9 2a       	or	r11, r25
 742:	ca 2a       	or	r12, r26
 744:	db 2a       	or	r13, r27
 746:	31 96       	adiw	r30, 0x01	; 1
 748:	e0 32       	cpi	r30, 0x20	; 32
 74a:	f1 05       	cpc	r31, r1
 74c:	49 f0       	breq	.+18     	; 0x760 <__mulsf3+0x12a>
 74e:	66 0c       	add	r6, r6
 750:	77 1c       	adc	r7, r7
 752:	88 1c       	adc	r8, r8
 754:	99 1c       	adc	r9, r9
 756:	56 94       	lsr	r5
 758:	47 94       	ror	r4
 75a:	37 94       	ror	r3
 75c:	27 94       	ror	r2
 75e:	c3 cf       	rjmp	.-122    	; 0x6e6 <__mulsf3+0xb0>
 760:	fa 85       	ldd	r31, Y+10	; 0x0a
 762:	ea 89       	ldd	r30, Y+18	; 0x12
 764:	2b 89       	ldd	r18, Y+19	; 0x13
 766:	3c 89       	ldd	r19, Y+20	; 0x14
 768:	8b 85       	ldd	r24, Y+11	; 0x0b
 76a:	9c 85       	ldd	r25, Y+12	; 0x0c
 76c:	28 0f       	add	r18, r24
 76e:	39 1f       	adc	r19, r25
 770:	2e 5f       	subi	r18, 0xFE	; 254
 772:	3f 4f       	sbci	r19, 0xFF	; 255
 774:	17 c0       	rjmp	.+46     	; 0x7a4 <__mulsf3+0x16e>
 776:	ca 01       	movw	r24, r20
 778:	81 70       	andi	r24, 0x01	; 1
 77a:	90 70       	andi	r25, 0x00	; 0
 77c:	89 2b       	or	r24, r25
 77e:	61 f0       	breq	.+24     	; 0x798 <__mulsf3+0x162>
 780:	16 95       	lsr	r17
 782:	07 95       	ror	r16
 784:	f7 94       	ror	r15
 786:	e7 94       	ror	r14
 788:	80 e0       	ldi	r24, 0x00	; 0
 78a:	90 e0       	ldi	r25, 0x00	; 0
 78c:	a0 e0       	ldi	r26, 0x00	; 0
 78e:	b0 e8       	ldi	r27, 0x80	; 128
 790:	e8 2a       	or	r14, r24
 792:	f9 2a       	or	r15, r25
 794:	0a 2b       	or	r16, r26
 796:	1b 2b       	or	r17, r27
 798:	76 95       	lsr	r23
 79a:	67 95       	ror	r22
 79c:	57 95       	ror	r21
 79e:	47 95       	ror	r20
 7a0:	2f 5f       	subi	r18, 0xFF	; 255
 7a2:	3f 4f       	sbci	r19, 0xFF	; 255
 7a4:	77 fd       	sbrc	r23, 7
 7a6:	e7 cf       	rjmp	.-50     	; 0x776 <__mulsf3+0x140>
 7a8:	0c c0       	rjmp	.+24     	; 0x7c2 <__mulsf3+0x18c>
 7aa:	44 0f       	add	r20, r20
 7ac:	55 1f       	adc	r21, r21
 7ae:	66 1f       	adc	r22, r22
 7b0:	77 1f       	adc	r23, r23
 7b2:	17 fd       	sbrc	r17, 7
 7b4:	41 60       	ori	r20, 0x01	; 1
 7b6:	ee 0c       	add	r14, r14
 7b8:	ff 1c       	adc	r15, r15
 7ba:	00 1f       	adc	r16, r16
 7bc:	11 1f       	adc	r17, r17
 7be:	21 50       	subi	r18, 0x01	; 1
 7c0:	30 40       	sbci	r19, 0x00	; 0
 7c2:	40 30       	cpi	r20, 0x00	; 0
 7c4:	90 e0       	ldi	r25, 0x00	; 0
 7c6:	59 07       	cpc	r21, r25
 7c8:	90 e0       	ldi	r25, 0x00	; 0
 7ca:	69 07       	cpc	r22, r25
 7cc:	90 e4       	ldi	r25, 0x40	; 64
 7ce:	79 07       	cpc	r23, r25
 7d0:	60 f3       	brcs	.-40     	; 0x7aa <__mulsf3+0x174>
 7d2:	2b 8f       	std	Y+27, r18	; 0x1b
 7d4:	3c 8f       	std	Y+28, r19	; 0x1c
 7d6:	db 01       	movw	r26, r22
 7d8:	ca 01       	movw	r24, r20
 7da:	8f 77       	andi	r24, 0x7F	; 127
 7dc:	90 70       	andi	r25, 0x00	; 0
 7de:	a0 70       	andi	r26, 0x00	; 0
 7e0:	b0 70       	andi	r27, 0x00	; 0
 7e2:	80 34       	cpi	r24, 0x40	; 64
 7e4:	91 05       	cpc	r25, r1
 7e6:	a1 05       	cpc	r26, r1
 7e8:	b1 05       	cpc	r27, r1
 7ea:	61 f4       	brne	.+24     	; 0x804 <__mulsf3+0x1ce>
 7ec:	47 fd       	sbrc	r20, 7
 7ee:	0a c0       	rjmp	.+20     	; 0x804 <__mulsf3+0x1ce>
 7f0:	e1 14       	cp	r14, r1
 7f2:	f1 04       	cpc	r15, r1
 7f4:	01 05       	cpc	r16, r1
 7f6:	11 05       	cpc	r17, r1
 7f8:	29 f0       	breq	.+10     	; 0x804 <__mulsf3+0x1ce>
 7fa:	40 5c       	subi	r20, 0xC0	; 192
 7fc:	5f 4f       	sbci	r21, 0xFF	; 255
 7fe:	6f 4f       	sbci	r22, 0xFF	; 255
 800:	7f 4f       	sbci	r23, 0xFF	; 255
 802:	40 78       	andi	r20, 0x80	; 128
 804:	1a 8e       	std	Y+26, r1	; 0x1a
 806:	fe 17       	cp	r31, r30
 808:	11 f0       	breq	.+4      	; 0x80e <__mulsf3+0x1d8>
 80a:	81 e0       	ldi	r24, 0x01	; 1
 80c:	8a 8f       	std	Y+26, r24	; 0x1a
 80e:	4d 8f       	std	Y+29, r20	; 0x1d
 810:	5e 8f       	std	Y+30, r21	; 0x1e
 812:	6f 8f       	std	Y+31, r22	; 0x1f
 814:	78 a3       	std	Y+32, r23	; 0x20
 816:	83 e0       	ldi	r24, 0x03	; 3
 818:	89 8f       	std	Y+25, r24	; 0x19
 81a:	ce 01       	movw	r24, r28
 81c:	49 96       	adiw	r24, 0x19	; 25
 81e:	0e 94 f9 04 	call	0x9f2	; 0x9f2 <__pack_f>
 822:	a0 96       	adiw	r28, 0x20	; 32
 824:	e2 e1       	ldi	r30, 0x12	; 18
 826:	0c 94 bb 06 	jmp	0xd76	; 0xd76 <__epilogue_restores__>

0000082a <__gtsf2>:
 82a:	a8 e1       	ldi	r26, 0x18	; 24
 82c:	b0 e0       	ldi	r27, 0x00	; 0
 82e:	eb e1       	ldi	r30, 0x1B	; 27
 830:	f4 e0       	ldi	r31, 0x04	; 4
 832:	0c 94 ab 06 	jmp	0xd56	; 0xd56 <__prologue_saves__+0x18>
 836:	69 83       	std	Y+1, r22	; 0x01
 838:	7a 83       	std	Y+2, r23	; 0x02
 83a:	8b 83       	std	Y+3, r24	; 0x03
 83c:	9c 83       	std	Y+4, r25	; 0x04
 83e:	2d 83       	std	Y+5, r18	; 0x05
 840:	3e 83       	std	Y+6, r19	; 0x06
 842:	4f 83       	std	Y+7, r20	; 0x07
 844:	58 87       	std	Y+8, r21	; 0x08
 846:	89 e0       	ldi	r24, 0x09	; 9
 848:	e8 2e       	mov	r14, r24
 84a:	f1 2c       	mov	r15, r1
 84c:	ec 0e       	add	r14, r28
 84e:	fd 1e       	adc	r15, r29
 850:	ce 01       	movw	r24, r28
 852:	01 96       	adiw	r24, 0x01	; 1
 854:	b7 01       	movw	r22, r14
 856:	0e 94 ce 05 	call	0xb9c	; 0xb9c <__unpack_f>
 85a:	8e 01       	movw	r16, r28
 85c:	0f 5e       	subi	r16, 0xEF	; 239
 85e:	1f 4f       	sbci	r17, 0xFF	; 255
 860:	ce 01       	movw	r24, r28
 862:	05 96       	adiw	r24, 0x05	; 5
 864:	b8 01       	movw	r22, r16
 866:	0e 94 ce 05 	call	0xb9c	; 0xb9c <__unpack_f>
 86a:	89 85       	ldd	r24, Y+9	; 0x09
 86c:	82 30       	cpi	r24, 0x02	; 2
 86e:	40 f0       	brcs	.+16     	; 0x880 <__gtsf2+0x56>
 870:	89 89       	ldd	r24, Y+17	; 0x11
 872:	82 30       	cpi	r24, 0x02	; 2
 874:	28 f0       	brcs	.+10     	; 0x880 <__gtsf2+0x56>
 876:	c7 01       	movw	r24, r14
 878:	b8 01       	movw	r22, r16
 87a:	0e 94 46 06 	call	0xc8c	; 0xc8c <__fpcmp_parts_f>
 87e:	01 c0       	rjmp	.+2      	; 0x882 <__gtsf2+0x58>
 880:	8f ef       	ldi	r24, 0xFF	; 255
 882:	68 96       	adiw	r28, 0x18	; 24
 884:	e6 e0       	ldi	r30, 0x06	; 6
 886:	0c 94 c7 06 	jmp	0xd8e	; 0xd8e <__epilogue_restores__+0x18>

0000088a <__gesf2>:
 88a:	a8 e1       	ldi	r26, 0x18	; 24
 88c:	b0 e0       	ldi	r27, 0x00	; 0
 88e:	eb e4       	ldi	r30, 0x4B	; 75
 890:	f4 e0       	ldi	r31, 0x04	; 4
 892:	0c 94 ab 06 	jmp	0xd56	; 0xd56 <__prologue_saves__+0x18>
 896:	69 83       	std	Y+1, r22	; 0x01
 898:	7a 83       	std	Y+2, r23	; 0x02
 89a:	8b 83       	std	Y+3, r24	; 0x03
 89c:	9c 83       	std	Y+4, r25	; 0x04
 89e:	2d 83       	std	Y+5, r18	; 0x05
 8a0:	3e 83       	std	Y+6, r19	; 0x06
 8a2:	4f 83       	std	Y+7, r20	; 0x07
 8a4:	58 87       	std	Y+8, r21	; 0x08
 8a6:	89 e0       	ldi	r24, 0x09	; 9
 8a8:	e8 2e       	mov	r14, r24
 8aa:	f1 2c       	mov	r15, r1
 8ac:	ec 0e       	add	r14, r28
 8ae:	fd 1e       	adc	r15, r29
 8b0:	ce 01       	movw	r24, r28
 8b2:	01 96       	adiw	r24, 0x01	; 1
 8b4:	b7 01       	movw	r22, r14
 8b6:	0e 94 ce 05 	call	0xb9c	; 0xb9c <__unpack_f>
 8ba:	8e 01       	movw	r16, r28
 8bc:	0f 5e       	subi	r16, 0xEF	; 239
 8be:	1f 4f       	sbci	r17, 0xFF	; 255
 8c0:	ce 01       	movw	r24, r28
 8c2:	05 96       	adiw	r24, 0x05	; 5
 8c4:	b8 01       	movw	r22, r16
 8c6:	0e 94 ce 05 	call	0xb9c	; 0xb9c <__unpack_f>
 8ca:	89 85       	ldd	r24, Y+9	; 0x09
 8cc:	82 30       	cpi	r24, 0x02	; 2
 8ce:	40 f0       	brcs	.+16     	; 0x8e0 <__gesf2+0x56>
 8d0:	89 89       	ldd	r24, Y+17	; 0x11
 8d2:	82 30       	cpi	r24, 0x02	; 2
 8d4:	28 f0       	brcs	.+10     	; 0x8e0 <__gesf2+0x56>
 8d6:	c7 01       	movw	r24, r14
 8d8:	b8 01       	movw	r22, r16
 8da:	0e 94 46 06 	call	0xc8c	; 0xc8c <__fpcmp_parts_f>
 8de:	01 c0       	rjmp	.+2      	; 0x8e2 <__gesf2+0x58>
 8e0:	8f ef       	ldi	r24, 0xFF	; 255
 8e2:	68 96       	adiw	r28, 0x18	; 24
 8e4:	e6 e0       	ldi	r30, 0x06	; 6
 8e6:	0c 94 c7 06 	jmp	0xd8e	; 0xd8e <__epilogue_restores__+0x18>

000008ea <__ltsf2>:
 8ea:	a8 e1       	ldi	r26, 0x18	; 24
 8ec:	b0 e0       	ldi	r27, 0x00	; 0
 8ee:	eb e7       	ldi	r30, 0x7B	; 123
 8f0:	f4 e0       	ldi	r31, 0x04	; 4
 8f2:	0c 94 ab 06 	jmp	0xd56	; 0xd56 <__prologue_saves__+0x18>
 8f6:	69 83       	std	Y+1, r22	; 0x01
 8f8:	7a 83       	std	Y+2, r23	; 0x02
 8fa:	8b 83       	std	Y+3, r24	; 0x03
 8fc:	9c 83       	std	Y+4, r25	; 0x04
 8fe:	2d 83       	std	Y+5, r18	; 0x05
 900:	3e 83       	std	Y+6, r19	; 0x06
 902:	4f 83       	std	Y+7, r20	; 0x07
 904:	58 87       	std	Y+8, r21	; 0x08
 906:	89 e0       	ldi	r24, 0x09	; 9
 908:	e8 2e       	mov	r14, r24
 90a:	f1 2c       	mov	r15, r1
 90c:	ec 0e       	add	r14, r28
 90e:	fd 1e       	adc	r15, r29
 910:	ce 01       	movw	r24, r28
 912:	01 96       	adiw	r24, 0x01	; 1
 914:	b7 01       	movw	r22, r14
 916:	0e 94 ce 05 	call	0xb9c	; 0xb9c <__unpack_f>
 91a:	8e 01       	movw	r16, r28
 91c:	0f 5e       	subi	r16, 0xEF	; 239
 91e:	1f 4f       	sbci	r17, 0xFF	; 255
 920:	ce 01       	movw	r24, r28
 922:	05 96       	adiw	r24, 0x05	; 5
 924:	b8 01       	movw	r22, r16
 926:	0e 94 ce 05 	call	0xb9c	; 0xb9c <__unpack_f>
 92a:	89 85       	ldd	r24, Y+9	; 0x09
 92c:	82 30       	cpi	r24, 0x02	; 2
 92e:	40 f0       	brcs	.+16     	; 0x940 <__stack+0x41>
 930:	89 89       	ldd	r24, Y+17	; 0x11
 932:	82 30       	cpi	r24, 0x02	; 2
 934:	28 f0       	brcs	.+10     	; 0x940 <__stack+0x41>
 936:	c7 01       	movw	r24, r14
 938:	b8 01       	movw	r22, r16
 93a:	0e 94 46 06 	call	0xc8c	; 0xc8c <__fpcmp_parts_f>
 93e:	01 c0       	rjmp	.+2      	; 0x942 <__stack+0x43>
 940:	81 e0       	ldi	r24, 0x01	; 1
 942:	68 96       	adiw	r28, 0x18	; 24
 944:	e6 e0       	ldi	r30, 0x06	; 6
 946:	0c 94 c7 06 	jmp	0xd8e	; 0xd8e <__epilogue_restores__+0x18>

0000094a <__fixsfsi>:
 94a:	ac e0       	ldi	r26, 0x0C	; 12
 94c:	b0 e0       	ldi	r27, 0x00	; 0
 94e:	eb ea       	ldi	r30, 0xAB	; 171
 950:	f4 e0       	ldi	r31, 0x04	; 4
 952:	0c 94 af 06 	jmp	0xd5e	; 0xd5e <__prologue_saves__+0x20>
 956:	69 83       	std	Y+1, r22	; 0x01
 958:	7a 83       	std	Y+2, r23	; 0x02
 95a:	8b 83       	std	Y+3, r24	; 0x03
 95c:	9c 83       	std	Y+4, r25	; 0x04
 95e:	ce 01       	movw	r24, r28
 960:	01 96       	adiw	r24, 0x01	; 1
 962:	be 01       	movw	r22, r28
 964:	6b 5f       	subi	r22, 0xFB	; 251
 966:	7f 4f       	sbci	r23, 0xFF	; 255
 968:	0e 94 ce 05 	call	0xb9c	; 0xb9c <__unpack_f>
 96c:	8d 81       	ldd	r24, Y+5	; 0x05
 96e:	82 30       	cpi	r24, 0x02	; 2
 970:	61 f1       	breq	.+88     	; 0x9ca <__fixsfsi+0x80>
 972:	82 30       	cpi	r24, 0x02	; 2
 974:	50 f1       	brcs	.+84     	; 0x9ca <__fixsfsi+0x80>
 976:	84 30       	cpi	r24, 0x04	; 4
 978:	21 f4       	brne	.+8      	; 0x982 <__fixsfsi+0x38>
 97a:	8e 81       	ldd	r24, Y+6	; 0x06
 97c:	88 23       	and	r24, r24
 97e:	51 f1       	breq	.+84     	; 0x9d4 <__fixsfsi+0x8a>
 980:	2e c0       	rjmp	.+92     	; 0x9de <__fixsfsi+0x94>
 982:	2f 81       	ldd	r18, Y+7	; 0x07
 984:	38 85       	ldd	r19, Y+8	; 0x08
 986:	37 fd       	sbrc	r19, 7
 988:	20 c0       	rjmp	.+64     	; 0x9ca <__fixsfsi+0x80>
 98a:	6e 81       	ldd	r22, Y+6	; 0x06
 98c:	2f 31       	cpi	r18, 0x1F	; 31
 98e:	31 05       	cpc	r19, r1
 990:	1c f0       	brlt	.+6      	; 0x998 <__fixsfsi+0x4e>
 992:	66 23       	and	r22, r22
 994:	f9 f0       	breq	.+62     	; 0x9d4 <__fixsfsi+0x8a>
 996:	23 c0       	rjmp	.+70     	; 0x9de <__fixsfsi+0x94>
 998:	8e e1       	ldi	r24, 0x1E	; 30
 99a:	90 e0       	ldi	r25, 0x00	; 0
 99c:	82 1b       	sub	r24, r18
 99e:	93 0b       	sbc	r25, r19
 9a0:	29 85       	ldd	r18, Y+9	; 0x09
 9a2:	3a 85       	ldd	r19, Y+10	; 0x0a
 9a4:	4b 85       	ldd	r20, Y+11	; 0x0b
 9a6:	5c 85       	ldd	r21, Y+12	; 0x0c
 9a8:	04 c0       	rjmp	.+8      	; 0x9b2 <__fixsfsi+0x68>
 9aa:	56 95       	lsr	r21
 9ac:	47 95       	ror	r20
 9ae:	37 95       	ror	r19
 9b0:	27 95       	ror	r18
 9b2:	8a 95       	dec	r24
 9b4:	d2 f7       	brpl	.-12     	; 0x9aa <__fixsfsi+0x60>
 9b6:	66 23       	and	r22, r22
 9b8:	b1 f0       	breq	.+44     	; 0x9e6 <__fixsfsi+0x9c>
 9ba:	50 95       	com	r21
 9bc:	40 95       	com	r20
 9be:	30 95       	com	r19
 9c0:	21 95       	neg	r18
 9c2:	3f 4f       	sbci	r19, 0xFF	; 255
 9c4:	4f 4f       	sbci	r20, 0xFF	; 255
 9c6:	5f 4f       	sbci	r21, 0xFF	; 255
 9c8:	0e c0       	rjmp	.+28     	; 0x9e6 <__fixsfsi+0x9c>
 9ca:	20 e0       	ldi	r18, 0x00	; 0
 9cc:	30 e0       	ldi	r19, 0x00	; 0
 9ce:	40 e0       	ldi	r20, 0x00	; 0
 9d0:	50 e0       	ldi	r21, 0x00	; 0
 9d2:	09 c0       	rjmp	.+18     	; 0x9e6 <__fixsfsi+0x9c>
 9d4:	2f ef       	ldi	r18, 0xFF	; 255
 9d6:	3f ef       	ldi	r19, 0xFF	; 255
 9d8:	4f ef       	ldi	r20, 0xFF	; 255
 9da:	5f e7       	ldi	r21, 0x7F	; 127
 9dc:	04 c0       	rjmp	.+8      	; 0x9e6 <__fixsfsi+0x9c>
 9de:	20 e0       	ldi	r18, 0x00	; 0
 9e0:	30 e0       	ldi	r19, 0x00	; 0
 9e2:	40 e0       	ldi	r20, 0x00	; 0
 9e4:	50 e8       	ldi	r21, 0x80	; 128
 9e6:	b9 01       	movw	r22, r18
 9e8:	ca 01       	movw	r24, r20
 9ea:	2c 96       	adiw	r28, 0x0c	; 12
 9ec:	e2 e0       	ldi	r30, 0x02	; 2
 9ee:	0c 94 cb 06 	jmp	0xd96	; 0xd96 <__epilogue_restores__+0x20>

000009f2 <__pack_f>:
 9f2:	df 92       	push	r13
 9f4:	ef 92       	push	r14
 9f6:	ff 92       	push	r15
 9f8:	0f 93       	push	r16
 9fa:	1f 93       	push	r17
 9fc:	fc 01       	movw	r30, r24
 9fe:	e4 80       	ldd	r14, Z+4	; 0x04
 a00:	f5 80       	ldd	r15, Z+5	; 0x05
 a02:	06 81       	ldd	r16, Z+6	; 0x06
 a04:	17 81       	ldd	r17, Z+7	; 0x07
 a06:	d1 80       	ldd	r13, Z+1	; 0x01
 a08:	80 81       	ld	r24, Z
 a0a:	82 30       	cpi	r24, 0x02	; 2
 a0c:	48 f4       	brcc	.+18     	; 0xa20 <__pack_f+0x2e>
 a0e:	80 e0       	ldi	r24, 0x00	; 0
 a10:	90 e0       	ldi	r25, 0x00	; 0
 a12:	a0 e1       	ldi	r26, 0x10	; 16
 a14:	b0 e0       	ldi	r27, 0x00	; 0
 a16:	e8 2a       	or	r14, r24
 a18:	f9 2a       	or	r15, r25
 a1a:	0a 2b       	or	r16, r26
 a1c:	1b 2b       	or	r17, r27
 a1e:	a5 c0       	rjmp	.+330    	; 0xb6a <__pack_f+0x178>
 a20:	84 30       	cpi	r24, 0x04	; 4
 a22:	09 f4       	brne	.+2      	; 0xa26 <__pack_f+0x34>
 a24:	9f c0       	rjmp	.+318    	; 0xb64 <__pack_f+0x172>
 a26:	82 30       	cpi	r24, 0x02	; 2
 a28:	21 f4       	brne	.+8      	; 0xa32 <__pack_f+0x40>
 a2a:	ee 24       	eor	r14, r14
 a2c:	ff 24       	eor	r15, r15
 a2e:	87 01       	movw	r16, r14
 a30:	05 c0       	rjmp	.+10     	; 0xa3c <__pack_f+0x4a>
 a32:	e1 14       	cp	r14, r1
 a34:	f1 04       	cpc	r15, r1
 a36:	01 05       	cpc	r16, r1
 a38:	11 05       	cpc	r17, r1
 a3a:	19 f4       	brne	.+6      	; 0xa42 <__pack_f+0x50>
 a3c:	e0 e0       	ldi	r30, 0x00	; 0
 a3e:	f0 e0       	ldi	r31, 0x00	; 0
 a40:	96 c0       	rjmp	.+300    	; 0xb6e <__pack_f+0x17c>
 a42:	62 81       	ldd	r22, Z+2	; 0x02
 a44:	73 81       	ldd	r23, Z+3	; 0x03
 a46:	9f ef       	ldi	r25, 0xFF	; 255
 a48:	62 38       	cpi	r22, 0x82	; 130
 a4a:	79 07       	cpc	r23, r25
 a4c:	0c f0       	brlt	.+2      	; 0xa50 <__pack_f+0x5e>
 a4e:	5b c0       	rjmp	.+182    	; 0xb06 <__pack_f+0x114>
 a50:	22 e8       	ldi	r18, 0x82	; 130
 a52:	3f ef       	ldi	r19, 0xFF	; 255
 a54:	26 1b       	sub	r18, r22
 a56:	37 0b       	sbc	r19, r23
 a58:	2a 31       	cpi	r18, 0x1A	; 26
 a5a:	31 05       	cpc	r19, r1
 a5c:	2c f0       	brlt	.+10     	; 0xa68 <__pack_f+0x76>
 a5e:	20 e0       	ldi	r18, 0x00	; 0
 a60:	30 e0       	ldi	r19, 0x00	; 0
 a62:	40 e0       	ldi	r20, 0x00	; 0
 a64:	50 e0       	ldi	r21, 0x00	; 0
 a66:	2a c0       	rjmp	.+84     	; 0xabc <__pack_f+0xca>
 a68:	b8 01       	movw	r22, r16
 a6a:	a7 01       	movw	r20, r14
 a6c:	02 2e       	mov	r0, r18
 a6e:	04 c0       	rjmp	.+8      	; 0xa78 <__pack_f+0x86>
 a70:	76 95       	lsr	r23
 a72:	67 95       	ror	r22
 a74:	57 95       	ror	r21
 a76:	47 95       	ror	r20
 a78:	0a 94       	dec	r0
 a7a:	d2 f7       	brpl	.-12     	; 0xa70 <__pack_f+0x7e>
 a7c:	81 e0       	ldi	r24, 0x01	; 1
 a7e:	90 e0       	ldi	r25, 0x00	; 0
 a80:	a0 e0       	ldi	r26, 0x00	; 0
 a82:	b0 e0       	ldi	r27, 0x00	; 0
 a84:	04 c0       	rjmp	.+8      	; 0xa8e <__pack_f+0x9c>
 a86:	88 0f       	add	r24, r24
 a88:	99 1f       	adc	r25, r25
 a8a:	aa 1f       	adc	r26, r26
 a8c:	bb 1f       	adc	r27, r27
 a8e:	2a 95       	dec	r18
 a90:	d2 f7       	brpl	.-12     	; 0xa86 <__pack_f+0x94>
 a92:	01 97       	sbiw	r24, 0x01	; 1
 a94:	a1 09       	sbc	r26, r1
 a96:	b1 09       	sbc	r27, r1
 a98:	8e 21       	and	r24, r14
 a9a:	9f 21       	and	r25, r15
 a9c:	a0 23       	and	r26, r16
 a9e:	b1 23       	and	r27, r17
 aa0:	00 97       	sbiw	r24, 0x00	; 0
 aa2:	a1 05       	cpc	r26, r1
 aa4:	b1 05       	cpc	r27, r1
 aa6:	21 f0       	breq	.+8      	; 0xab0 <__pack_f+0xbe>
 aa8:	81 e0       	ldi	r24, 0x01	; 1
 aaa:	90 e0       	ldi	r25, 0x00	; 0
 aac:	a0 e0       	ldi	r26, 0x00	; 0
 aae:	b0 e0       	ldi	r27, 0x00	; 0
 ab0:	9a 01       	movw	r18, r20
 ab2:	ab 01       	movw	r20, r22
 ab4:	28 2b       	or	r18, r24
 ab6:	39 2b       	or	r19, r25
 ab8:	4a 2b       	or	r20, r26
 aba:	5b 2b       	or	r21, r27
 abc:	da 01       	movw	r26, r20
 abe:	c9 01       	movw	r24, r18
 ac0:	8f 77       	andi	r24, 0x7F	; 127
 ac2:	90 70       	andi	r25, 0x00	; 0
 ac4:	a0 70       	andi	r26, 0x00	; 0
 ac6:	b0 70       	andi	r27, 0x00	; 0
 ac8:	80 34       	cpi	r24, 0x40	; 64
 aca:	91 05       	cpc	r25, r1
 acc:	a1 05       	cpc	r26, r1
 ace:	b1 05       	cpc	r27, r1
 ad0:	39 f4       	brne	.+14     	; 0xae0 <__pack_f+0xee>
 ad2:	27 ff       	sbrs	r18, 7
 ad4:	09 c0       	rjmp	.+18     	; 0xae8 <__pack_f+0xf6>
 ad6:	20 5c       	subi	r18, 0xC0	; 192
 ad8:	3f 4f       	sbci	r19, 0xFF	; 255
 ada:	4f 4f       	sbci	r20, 0xFF	; 255
 adc:	5f 4f       	sbci	r21, 0xFF	; 255
 ade:	04 c0       	rjmp	.+8      	; 0xae8 <__pack_f+0xf6>
 ae0:	21 5c       	subi	r18, 0xC1	; 193
 ae2:	3f 4f       	sbci	r19, 0xFF	; 255
 ae4:	4f 4f       	sbci	r20, 0xFF	; 255
 ae6:	5f 4f       	sbci	r21, 0xFF	; 255
 ae8:	e0 e0       	ldi	r30, 0x00	; 0
 aea:	f0 e0       	ldi	r31, 0x00	; 0
 aec:	20 30       	cpi	r18, 0x00	; 0
 aee:	a0 e0       	ldi	r26, 0x00	; 0
 af0:	3a 07       	cpc	r19, r26
 af2:	a0 e0       	ldi	r26, 0x00	; 0
 af4:	4a 07       	cpc	r20, r26
 af6:	a0 e4       	ldi	r26, 0x40	; 64
 af8:	5a 07       	cpc	r21, r26
 afa:	10 f0       	brcs	.+4      	; 0xb00 <__pack_f+0x10e>
 afc:	e1 e0       	ldi	r30, 0x01	; 1
 afe:	f0 e0       	ldi	r31, 0x00	; 0
 b00:	79 01       	movw	r14, r18
 b02:	8a 01       	movw	r16, r20
 b04:	27 c0       	rjmp	.+78     	; 0xb54 <__pack_f+0x162>
 b06:	60 38       	cpi	r22, 0x80	; 128
 b08:	71 05       	cpc	r23, r1
 b0a:	64 f5       	brge	.+88     	; 0xb64 <__pack_f+0x172>
 b0c:	fb 01       	movw	r30, r22
 b0e:	e1 58       	subi	r30, 0x81	; 129
 b10:	ff 4f       	sbci	r31, 0xFF	; 255
 b12:	d8 01       	movw	r26, r16
 b14:	c7 01       	movw	r24, r14
 b16:	8f 77       	andi	r24, 0x7F	; 127
 b18:	90 70       	andi	r25, 0x00	; 0
 b1a:	a0 70       	andi	r26, 0x00	; 0
 b1c:	b0 70       	andi	r27, 0x00	; 0
 b1e:	80 34       	cpi	r24, 0x40	; 64
 b20:	91 05       	cpc	r25, r1
 b22:	a1 05       	cpc	r26, r1
 b24:	b1 05       	cpc	r27, r1
 b26:	39 f4       	brne	.+14     	; 0xb36 <__pack_f+0x144>
 b28:	e7 fe       	sbrs	r14, 7
 b2a:	0d c0       	rjmp	.+26     	; 0xb46 <__pack_f+0x154>
 b2c:	80 e4       	ldi	r24, 0x40	; 64
 b2e:	90 e0       	ldi	r25, 0x00	; 0
 b30:	a0 e0       	ldi	r26, 0x00	; 0
 b32:	b0 e0       	ldi	r27, 0x00	; 0
 b34:	04 c0       	rjmp	.+8      	; 0xb3e <__pack_f+0x14c>
 b36:	8f e3       	ldi	r24, 0x3F	; 63
 b38:	90 e0       	ldi	r25, 0x00	; 0
 b3a:	a0 e0       	ldi	r26, 0x00	; 0
 b3c:	b0 e0       	ldi	r27, 0x00	; 0
 b3e:	e8 0e       	add	r14, r24
 b40:	f9 1e       	adc	r15, r25
 b42:	0a 1f       	adc	r16, r26
 b44:	1b 1f       	adc	r17, r27
 b46:	17 ff       	sbrs	r17, 7
 b48:	05 c0       	rjmp	.+10     	; 0xb54 <__pack_f+0x162>
 b4a:	16 95       	lsr	r17
 b4c:	07 95       	ror	r16
 b4e:	f7 94       	ror	r15
 b50:	e7 94       	ror	r14
 b52:	31 96       	adiw	r30, 0x01	; 1
 b54:	87 e0       	ldi	r24, 0x07	; 7
 b56:	16 95       	lsr	r17
 b58:	07 95       	ror	r16
 b5a:	f7 94       	ror	r15
 b5c:	e7 94       	ror	r14
 b5e:	8a 95       	dec	r24
 b60:	d1 f7       	brne	.-12     	; 0xb56 <__pack_f+0x164>
 b62:	05 c0       	rjmp	.+10     	; 0xb6e <__pack_f+0x17c>
 b64:	ee 24       	eor	r14, r14
 b66:	ff 24       	eor	r15, r15
 b68:	87 01       	movw	r16, r14
 b6a:	ef ef       	ldi	r30, 0xFF	; 255
 b6c:	f0 e0       	ldi	r31, 0x00	; 0
 b6e:	6e 2f       	mov	r22, r30
 b70:	67 95       	ror	r22
 b72:	66 27       	eor	r22, r22
 b74:	67 95       	ror	r22
 b76:	90 2f       	mov	r25, r16
 b78:	9f 77       	andi	r25, 0x7F	; 127
 b7a:	d7 94       	ror	r13
 b7c:	dd 24       	eor	r13, r13
 b7e:	d7 94       	ror	r13
 b80:	8e 2f       	mov	r24, r30
 b82:	86 95       	lsr	r24
 b84:	49 2f       	mov	r20, r25
 b86:	46 2b       	or	r20, r22
 b88:	58 2f       	mov	r21, r24
 b8a:	5d 29       	or	r21, r13
 b8c:	b7 01       	movw	r22, r14
 b8e:	ca 01       	movw	r24, r20
 b90:	1f 91       	pop	r17
 b92:	0f 91       	pop	r16
 b94:	ff 90       	pop	r15
 b96:	ef 90       	pop	r14
 b98:	df 90       	pop	r13
 b9a:	08 95       	ret

00000b9c <__unpack_f>:
 b9c:	fc 01       	movw	r30, r24
 b9e:	db 01       	movw	r26, r22
 ba0:	40 81       	ld	r20, Z
 ba2:	51 81       	ldd	r21, Z+1	; 0x01
 ba4:	22 81       	ldd	r18, Z+2	; 0x02
 ba6:	62 2f       	mov	r22, r18
 ba8:	6f 77       	andi	r22, 0x7F	; 127
 baa:	70 e0       	ldi	r23, 0x00	; 0
 bac:	22 1f       	adc	r18, r18
 bae:	22 27       	eor	r18, r18
 bb0:	22 1f       	adc	r18, r18
 bb2:	93 81       	ldd	r25, Z+3	; 0x03
 bb4:	89 2f       	mov	r24, r25
 bb6:	88 0f       	add	r24, r24
 bb8:	82 2b       	or	r24, r18
 bba:	28 2f       	mov	r18, r24
 bbc:	30 e0       	ldi	r19, 0x00	; 0
 bbe:	99 1f       	adc	r25, r25
 bc0:	99 27       	eor	r25, r25
 bc2:	99 1f       	adc	r25, r25
 bc4:	11 96       	adiw	r26, 0x01	; 1
 bc6:	9c 93       	st	X, r25
 bc8:	11 97       	sbiw	r26, 0x01	; 1
 bca:	21 15       	cp	r18, r1
 bcc:	31 05       	cpc	r19, r1
 bce:	a9 f5       	brne	.+106    	; 0xc3a <__unpack_f+0x9e>
 bd0:	41 15       	cp	r20, r1
 bd2:	51 05       	cpc	r21, r1
 bd4:	61 05       	cpc	r22, r1
 bd6:	71 05       	cpc	r23, r1
 bd8:	11 f4       	brne	.+4      	; 0xbde <__unpack_f+0x42>
 bda:	82 e0       	ldi	r24, 0x02	; 2
 bdc:	37 c0       	rjmp	.+110    	; 0xc4c <__unpack_f+0xb0>
 bde:	82 e8       	ldi	r24, 0x82	; 130
 be0:	9f ef       	ldi	r25, 0xFF	; 255
 be2:	13 96       	adiw	r26, 0x03	; 3
 be4:	9c 93       	st	X, r25
 be6:	8e 93       	st	-X, r24
 be8:	12 97       	sbiw	r26, 0x02	; 2
 bea:	9a 01       	movw	r18, r20
 bec:	ab 01       	movw	r20, r22
 bee:	67 e0       	ldi	r22, 0x07	; 7
 bf0:	22 0f       	add	r18, r18
 bf2:	33 1f       	adc	r19, r19
 bf4:	44 1f       	adc	r20, r20
 bf6:	55 1f       	adc	r21, r21
 bf8:	6a 95       	dec	r22
 bfa:	d1 f7       	brne	.-12     	; 0xbf0 <__unpack_f+0x54>
 bfc:	83 e0       	ldi	r24, 0x03	; 3
 bfe:	8c 93       	st	X, r24
 c00:	0d c0       	rjmp	.+26     	; 0xc1c <__unpack_f+0x80>
 c02:	22 0f       	add	r18, r18
 c04:	33 1f       	adc	r19, r19
 c06:	44 1f       	adc	r20, r20
 c08:	55 1f       	adc	r21, r21
 c0a:	12 96       	adiw	r26, 0x02	; 2
 c0c:	8d 91       	ld	r24, X+
 c0e:	9c 91       	ld	r25, X
 c10:	13 97       	sbiw	r26, 0x03	; 3
 c12:	01 97       	sbiw	r24, 0x01	; 1
 c14:	13 96       	adiw	r26, 0x03	; 3
 c16:	9c 93       	st	X, r25
 c18:	8e 93       	st	-X, r24
 c1a:	12 97       	sbiw	r26, 0x02	; 2
 c1c:	20 30       	cpi	r18, 0x00	; 0
 c1e:	80 e0       	ldi	r24, 0x00	; 0
 c20:	38 07       	cpc	r19, r24
 c22:	80 e0       	ldi	r24, 0x00	; 0
 c24:	48 07       	cpc	r20, r24
 c26:	80 e4       	ldi	r24, 0x40	; 64
 c28:	58 07       	cpc	r21, r24
 c2a:	58 f3       	brcs	.-42     	; 0xc02 <__unpack_f+0x66>
 c2c:	14 96       	adiw	r26, 0x04	; 4
 c2e:	2d 93       	st	X+, r18
 c30:	3d 93       	st	X+, r19
 c32:	4d 93       	st	X+, r20
 c34:	5c 93       	st	X, r21
 c36:	17 97       	sbiw	r26, 0x07	; 7
 c38:	08 95       	ret
 c3a:	2f 3f       	cpi	r18, 0xFF	; 255
 c3c:	31 05       	cpc	r19, r1
 c3e:	79 f4       	brne	.+30     	; 0xc5e <__unpack_f+0xc2>
 c40:	41 15       	cp	r20, r1
 c42:	51 05       	cpc	r21, r1
 c44:	61 05       	cpc	r22, r1
 c46:	71 05       	cpc	r23, r1
 c48:	19 f4       	brne	.+6      	; 0xc50 <__unpack_f+0xb4>
 c4a:	84 e0       	ldi	r24, 0x04	; 4
 c4c:	8c 93       	st	X, r24
 c4e:	08 95       	ret
 c50:	64 ff       	sbrs	r22, 4
 c52:	03 c0       	rjmp	.+6      	; 0xc5a <__unpack_f+0xbe>
 c54:	81 e0       	ldi	r24, 0x01	; 1
 c56:	8c 93       	st	X, r24
 c58:	12 c0       	rjmp	.+36     	; 0xc7e <__unpack_f+0xe2>
 c5a:	1c 92       	st	X, r1
 c5c:	10 c0       	rjmp	.+32     	; 0xc7e <__unpack_f+0xe2>
 c5e:	2f 57       	subi	r18, 0x7F	; 127
 c60:	30 40       	sbci	r19, 0x00	; 0
 c62:	13 96       	adiw	r26, 0x03	; 3
 c64:	3c 93       	st	X, r19
 c66:	2e 93       	st	-X, r18
 c68:	12 97       	sbiw	r26, 0x02	; 2
 c6a:	83 e0       	ldi	r24, 0x03	; 3
 c6c:	8c 93       	st	X, r24
 c6e:	87 e0       	ldi	r24, 0x07	; 7
 c70:	44 0f       	add	r20, r20
 c72:	55 1f       	adc	r21, r21
 c74:	66 1f       	adc	r22, r22
 c76:	77 1f       	adc	r23, r23
 c78:	8a 95       	dec	r24
 c7a:	d1 f7       	brne	.-12     	; 0xc70 <__unpack_f+0xd4>
 c7c:	70 64       	ori	r23, 0x40	; 64
 c7e:	14 96       	adiw	r26, 0x04	; 4
 c80:	4d 93       	st	X+, r20
 c82:	5d 93       	st	X+, r21
 c84:	6d 93       	st	X+, r22
 c86:	7c 93       	st	X, r23
 c88:	17 97       	sbiw	r26, 0x07	; 7
 c8a:	08 95       	ret

00000c8c <__fpcmp_parts_f>:
 c8c:	1f 93       	push	r17
 c8e:	dc 01       	movw	r26, r24
 c90:	fb 01       	movw	r30, r22
 c92:	9c 91       	ld	r25, X
 c94:	92 30       	cpi	r25, 0x02	; 2
 c96:	08 f4       	brcc	.+2      	; 0xc9a <__fpcmp_parts_f+0xe>
 c98:	47 c0       	rjmp	.+142    	; 0xd28 <__fpcmp_parts_f+0x9c>
 c9a:	80 81       	ld	r24, Z
 c9c:	82 30       	cpi	r24, 0x02	; 2
 c9e:	08 f4       	brcc	.+2      	; 0xca2 <__fpcmp_parts_f+0x16>
 ca0:	43 c0       	rjmp	.+134    	; 0xd28 <__fpcmp_parts_f+0x9c>
 ca2:	94 30       	cpi	r25, 0x04	; 4
 ca4:	51 f4       	brne	.+20     	; 0xcba <__fpcmp_parts_f+0x2e>
 ca6:	11 96       	adiw	r26, 0x01	; 1
 ca8:	1c 91       	ld	r17, X
 caa:	84 30       	cpi	r24, 0x04	; 4
 cac:	99 f5       	brne	.+102    	; 0xd14 <__fpcmp_parts_f+0x88>
 cae:	81 81       	ldd	r24, Z+1	; 0x01
 cb0:	68 2f       	mov	r22, r24
 cb2:	70 e0       	ldi	r23, 0x00	; 0
 cb4:	61 1b       	sub	r22, r17
 cb6:	71 09       	sbc	r23, r1
 cb8:	3f c0       	rjmp	.+126    	; 0xd38 <__fpcmp_parts_f+0xac>
 cba:	84 30       	cpi	r24, 0x04	; 4
 cbc:	21 f0       	breq	.+8      	; 0xcc6 <__fpcmp_parts_f+0x3a>
 cbe:	92 30       	cpi	r25, 0x02	; 2
 cc0:	31 f4       	brne	.+12     	; 0xcce <__fpcmp_parts_f+0x42>
 cc2:	82 30       	cpi	r24, 0x02	; 2
 cc4:	b9 f1       	breq	.+110    	; 0xd34 <__fpcmp_parts_f+0xa8>
 cc6:	81 81       	ldd	r24, Z+1	; 0x01
 cc8:	88 23       	and	r24, r24
 cca:	89 f1       	breq	.+98     	; 0xd2e <__fpcmp_parts_f+0xa2>
 ccc:	2d c0       	rjmp	.+90     	; 0xd28 <__fpcmp_parts_f+0x9c>
 cce:	11 96       	adiw	r26, 0x01	; 1
 cd0:	1c 91       	ld	r17, X
 cd2:	11 97       	sbiw	r26, 0x01	; 1
 cd4:	82 30       	cpi	r24, 0x02	; 2
 cd6:	f1 f0       	breq	.+60     	; 0xd14 <__fpcmp_parts_f+0x88>
 cd8:	81 81       	ldd	r24, Z+1	; 0x01
 cda:	18 17       	cp	r17, r24
 cdc:	d9 f4       	brne	.+54     	; 0xd14 <__fpcmp_parts_f+0x88>
 cde:	12 96       	adiw	r26, 0x02	; 2
 ce0:	2d 91       	ld	r18, X+
 ce2:	3c 91       	ld	r19, X
 ce4:	13 97       	sbiw	r26, 0x03	; 3
 ce6:	82 81       	ldd	r24, Z+2	; 0x02
 ce8:	93 81       	ldd	r25, Z+3	; 0x03
 cea:	82 17       	cp	r24, r18
 cec:	93 07       	cpc	r25, r19
 cee:	94 f0       	brlt	.+36     	; 0xd14 <__fpcmp_parts_f+0x88>
 cf0:	28 17       	cp	r18, r24
 cf2:	39 07       	cpc	r19, r25
 cf4:	bc f0       	brlt	.+46     	; 0xd24 <__fpcmp_parts_f+0x98>
 cf6:	14 96       	adiw	r26, 0x04	; 4
 cf8:	8d 91       	ld	r24, X+
 cfa:	9d 91       	ld	r25, X+
 cfc:	0d 90       	ld	r0, X+
 cfe:	bc 91       	ld	r27, X
 d00:	a0 2d       	mov	r26, r0
 d02:	24 81       	ldd	r18, Z+4	; 0x04
 d04:	35 81       	ldd	r19, Z+5	; 0x05
 d06:	46 81       	ldd	r20, Z+6	; 0x06
 d08:	57 81       	ldd	r21, Z+7	; 0x07
 d0a:	28 17       	cp	r18, r24
 d0c:	39 07       	cpc	r19, r25
 d0e:	4a 07       	cpc	r20, r26
 d10:	5b 07       	cpc	r21, r27
 d12:	18 f4       	brcc	.+6      	; 0xd1a <__fpcmp_parts_f+0x8e>
 d14:	11 23       	and	r17, r17
 d16:	41 f0       	breq	.+16     	; 0xd28 <__fpcmp_parts_f+0x9c>
 d18:	0a c0       	rjmp	.+20     	; 0xd2e <__fpcmp_parts_f+0xa2>
 d1a:	82 17       	cp	r24, r18
 d1c:	93 07       	cpc	r25, r19
 d1e:	a4 07       	cpc	r26, r20
 d20:	b5 07       	cpc	r27, r21
 d22:	40 f4       	brcc	.+16     	; 0xd34 <__fpcmp_parts_f+0xa8>
 d24:	11 23       	and	r17, r17
 d26:	19 f0       	breq	.+6      	; 0xd2e <__fpcmp_parts_f+0xa2>
 d28:	61 e0       	ldi	r22, 0x01	; 1
 d2a:	70 e0       	ldi	r23, 0x00	; 0
 d2c:	05 c0       	rjmp	.+10     	; 0xd38 <__fpcmp_parts_f+0xac>
 d2e:	6f ef       	ldi	r22, 0xFF	; 255
 d30:	7f ef       	ldi	r23, 0xFF	; 255
 d32:	02 c0       	rjmp	.+4      	; 0xd38 <__fpcmp_parts_f+0xac>
 d34:	60 e0       	ldi	r22, 0x00	; 0
 d36:	70 e0       	ldi	r23, 0x00	; 0
 d38:	cb 01       	movw	r24, r22
 d3a:	1f 91       	pop	r17
 d3c:	08 95       	ret

00000d3e <__prologue_saves__>:
 d3e:	2f 92       	push	r2
 d40:	3f 92       	push	r3
 d42:	4f 92       	push	r4
 d44:	5f 92       	push	r5
 d46:	6f 92       	push	r6
 d48:	7f 92       	push	r7
 d4a:	8f 92       	push	r8
 d4c:	9f 92       	push	r9
 d4e:	af 92       	push	r10
 d50:	bf 92       	push	r11
 d52:	cf 92       	push	r12
 d54:	df 92       	push	r13
 d56:	ef 92       	push	r14
 d58:	ff 92       	push	r15
 d5a:	0f 93       	push	r16
 d5c:	1f 93       	push	r17
 d5e:	cf 93       	push	r28
 d60:	df 93       	push	r29
 d62:	cd b7       	in	r28, 0x3d	; 61
 d64:	de b7       	in	r29, 0x3e	; 62
 d66:	ca 1b       	sub	r28, r26
 d68:	db 0b       	sbc	r29, r27
 d6a:	0f b6       	in	r0, 0x3f	; 63
 d6c:	f8 94       	cli
 d6e:	de bf       	out	0x3e, r29	; 62
 d70:	0f be       	out	0x3f, r0	; 63
 d72:	cd bf       	out	0x3d, r28	; 61
 d74:	09 94       	ijmp

00000d76 <__epilogue_restores__>:
 d76:	2a 88       	ldd	r2, Y+18	; 0x12
 d78:	39 88       	ldd	r3, Y+17	; 0x11
 d7a:	48 88       	ldd	r4, Y+16	; 0x10
 d7c:	5f 84       	ldd	r5, Y+15	; 0x0f
 d7e:	6e 84       	ldd	r6, Y+14	; 0x0e
 d80:	7d 84       	ldd	r7, Y+13	; 0x0d
 d82:	8c 84       	ldd	r8, Y+12	; 0x0c
 d84:	9b 84       	ldd	r9, Y+11	; 0x0b
 d86:	aa 84       	ldd	r10, Y+10	; 0x0a
 d88:	b9 84       	ldd	r11, Y+9	; 0x09
 d8a:	c8 84       	ldd	r12, Y+8	; 0x08
 d8c:	df 80       	ldd	r13, Y+7	; 0x07
 d8e:	ee 80       	ldd	r14, Y+6	; 0x06
 d90:	fd 80       	ldd	r15, Y+5	; 0x05
 d92:	0c 81       	ldd	r16, Y+4	; 0x04
 d94:	1b 81       	ldd	r17, Y+3	; 0x03
 d96:	aa 81       	ldd	r26, Y+2	; 0x02
 d98:	b9 81       	ldd	r27, Y+1	; 0x01
 d9a:	ce 0f       	add	r28, r30
 d9c:	d1 1d       	adc	r29, r1
 d9e:	0f b6       	in	r0, 0x3f	; 63
 da0:	f8 94       	cli
 da2:	de bf       	out	0x3e, r29	; 62
 da4:	0f be       	out	0x3f, r0	; 63
 da6:	cd bf       	out	0x3d, r28	; 61
 da8:	ed 01       	movw	r28, r26
 daa:	08 95       	ret

00000dac <_exit>:
 dac:	f8 94       	cli

00000dae <__stop_program>:
 dae:	ff cf       	rjmp	.-2      	; 0xdae <__stop_program>
